2016-03-29 23:29:43 br.uff.ic.tpa.smartpet.aspect.LoggerAspect exceptionAround ERROR: teste
java.lang.Exception: teste
	at br.uff.ic.tpa.smartpet.aspect.LoggerAspect.exceptionAround(LoggerAspect.java:25)
	at sun.reflect.NativeMethodAccessorImpl.invoke0(Native Method)
	at sun.reflect.NativeMethodAccessorImpl.invoke(NativeMethodAccessorImpl.java:62)
	at sun.reflect.DelegatingMethodAccessorImpl.invoke(DelegatingMethodAccessorImpl.java:43)
	at java.lang.reflect.Method.invoke(Method.java:497)
	at org.springframework.aop.aspectj.AbstractAspectJAdvice.invokeAdviceMethodWithGivenArgs(AbstractAspectJAdvice.java:621)
	at org.springframework.aop.aspectj.AbstractAspectJAdvice.invokeAdviceMethod(AbstractAspectJAdvice.java:610)
	at org.springframework.aop.aspectj.AspectJAroundAdvice.invoke(AspectJAroundAdvice.java:68)
	at org.springframework.aop.framework.ReflectiveMethodInvocation.proceed(ReflectiveMethodInvocation.java:179)
	at org.springframework.transaction.interceptor.TransactionInterceptor$1.proceedWithInvocation(TransactionInterceptor.java:98)
	at org.springframework.transaction.interceptor.TransactionAspectSupport.invokeWithinTransaction(TransactionAspectSupport.java:266)
	at org.springframework.transaction.interceptor.TransactionInterceptor.invoke(TransactionInterceptor.java:95)
	at org.springframework.aop.framework.ReflectiveMethodInvocation.proceed(ReflectiveMethodInvocation.java:179)
	at org.springframework.aop.interceptor.ExposeInvocationInterceptor.invoke(ExposeInvocationInterceptor.java:92)
	at org.springframework.aop.framework.ReflectiveMethodInvocation.proceed(ReflectiveMethodInvocation.java:179)
	at org.springframework.aop.framework.CglibAopProxy$DynamicAdvisedInterceptor.intercept(CglibAopProxy.java:653)
	at br.uff.ic.tpa.smartpet.service.PacienteAppService$$EnhancerBySpringCGLIB$$198e3e71.recupera(<generated>)
	at br.uff.ic.tpa.smartpet.Main.main(Main.java:57)
2016-03-30 14:36:18 br.uff.ic.tpa.smartpet.aspect.LoggerAspect exceptionAround ERROR: java.lang.IllegalArgumentException: Parameter with that position [1] did not exist
br.uff.ic.tpa.smartpet.excecao.InfraestruturaException: java.lang.IllegalArgumentException: Parameter with that position [1] did not exist
	at br.uff.ic.tpa.smartpet.dao.impl.JPADaoGenerico.buscaPagina(JPADaoGenerico.java:195)
	at br.uff.ic.tpa.smartpet.dao.controle.InterceptadorDeDAO.intercept(InterceptadorDeDAO.java:60)
	at br.uff.ic.tpa.smartpet.dao.impl.ConsultaDAOImpl$$EnhancerByCGLIB$$95a986dd.recuperaPaginaDeConsultas(<generated>)
	at sun.reflect.NativeMethodAccessorImpl.invoke0(Native Method)
	at sun.reflect.NativeMethodAccessorImpl.invoke(NativeMethodAccessorImpl.java:62)
	at sun.reflect.DelegatingMethodAccessorImpl.invoke(DelegatingMethodAccessorImpl.java:43)
	at java.lang.reflect.Method.invoke(Method.java:497)
	at org.springframework.aop.support.AopUtils.invokeJoinpointUsingReflection(AopUtils.java:317)
	at org.springframework.aop.framework.JdkDynamicAopProxy.invoke(JdkDynamicAopProxy.java:201)
	at com.sun.proxy.$Proxy33.recuperaPaginaDeConsultas(Unknown Source)
	at br.uff.ic.tpa.smartpet.service.ConsultaAppService.recuperaPaginaDeConsultas(ConsultaAppService.java:67)
	at br.uff.ic.tpa.smartpet.service.ConsultaAppService$$FastClassBySpringCGLIB$$73f92774.invoke(<generated>)
	at org.springframework.cglib.proxy.MethodProxy.invoke(MethodProxy.java:204)
	at org.springframework.aop.framework.CglibAopProxy$CglibMethodInvocation.invokeJoinpoint(CglibAopProxy.java:717)
	at org.springframework.aop.framework.ReflectiveMethodInvocation.proceed(ReflectiveMethodInvocation.java:157)
	at org.springframework.aop.aspectj.MethodInvocationProceedingJoinPoint.proceed(MethodInvocationProceedingJoinPoint.java:85)
	at br.uff.ic.tpa.smartpet.aspect.LoggerAspect.exceptionAround(LoggerAspect.java:25)
	at sun.reflect.NativeMethodAccessorImpl.invoke0(Native Method)
	at sun.reflect.NativeMethodAccessorImpl.invoke(NativeMethodAccessorImpl.java:62)
	at sun.reflect.DelegatingMethodAccessorImpl.invoke(DelegatingMethodAccessorImpl.java:43)
	at java.lang.reflect.Method.invoke(Method.java:497)
	at org.springframework.aop.aspectj.AbstractAspectJAdvice.invokeAdviceMethodWithGivenArgs(AbstractAspectJAdvice.java:621)
	at org.springframework.aop.aspectj.AbstractAspectJAdvice.invokeAdviceMethod(AbstractAspectJAdvice.java:610)
	at org.springframework.aop.aspectj.AspectJAroundAdvice.invoke(AspectJAroundAdvice.java:68)
	at org.springframework.aop.framework.ReflectiveMethodInvocation.proceed(ReflectiveMethodInvocation.java:179)
	at org.springframework.aop.interceptor.ExposeInvocationInterceptor.invoke(ExposeInvocationInterceptor.java:92)
	at org.springframework.aop.framework.ReflectiveMethodInvocation.proceed(ReflectiveMethodInvocation.java:179)
	at org.springframework.aop.framework.CglibAopProxy$DynamicAdvisedInterceptor.intercept(CglibAopProxy.java:653)
	at br.uff.ic.tpa.smartpet.service.ConsultaAppService$$EnhancerBySpringCGLIB$$a2004b75.recuperaPaginaDeConsultas(<generated>)
	at br.uff.ic.tpa.smartpet.Main.main(Main.java:55)
Caused by: java.lang.IllegalArgumentException: Parameter with that position [1] did not exist
	at org.hibernate.jpa.spi.BaseQueryImpl.findParameterRegistration(BaseQueryImpl.java:529)
	at org.hibernate.jpa.spi.BaseQueryImpl.setParameter(BaseQueryImpl.java:685)
	at org.hibernate.jpa.spi.AbstractQueryImpl.setParameter(AbstractQueryImpl.java:198)
	at org.hibernate.jpa.spi.AbstractQueryImpl.setParameter(AbstractQueryImpl.java:49)
	at sun.reflect.NativeMethodAccessorImpl.invoke0(Native Method)
	at sun.reflect.NativeMethodAccessorImpl.invoke(NativeMethodAccessorImpl.java:62)
	at sun.reflect.DelegatingMethodAccessorImpl.invoke(DelegatingMethodAccessorImpl.java:43)
	at java.lang.reflect.Method.invoke(Method.java:497)
	at org.springframework.orm.jpa.SharedEntityManagerCreator$DeferredQueryInvocationHandler.invoke(SharedEntityManagerCreator.java:360)
	at com.sun.proxy.$Proxy38.setParameter(Unknown Source)
	at br.uff.ic.tpa.smartpet.dao.impl.JPADaoGenerico.buscaPagina(JPADaoGenerico.java:190)
	... 29 more
2016-03-30 14:36:49 br.uff.ic.tpa.smartpet.aspect.LoggerAspect exceptionAround ERROR: java.lang.IllegalArgumentException: Parameter with that position [1] did not exist
br.uff.ic.tpa.smartpet.excecao.InfraestruturaException: java.lang.IllegalArgumentException: Parameter with that position [1] did not exist
	at br.uff.ic.tpa.smartpet.dao.impl.JPADaoGenerico.buscaPagina(JPADaoGenerico.java:195)
	at br.uff.ic.tpa.smartpet.dao.controle.InterceptadorDeDAO.intercept(InterceptadorDeDAO.java:60)
	at br.uff.ic.tpa.smartpet.dao.impl.ConsultaDAOImpl$$EnhancerByCGLIB$$95a986dd.recuperaPaginaDeConsultas(<generated>)
	at sun.reflect.NativeMethodAccessorImpl.invoke0(Native Method)
	at sun.reflect.NativeMethodAccessorImpl.invoke(NativeMethodAccessorImpl.java:62)
	at sun.reflect.DelegatingMethodAccessorImpl.invoke(DelegatingMethodAccessorImpl.java:43)
	at java.lang.reflect.Method.invoke(Method.java:497)
	at org.springframework.aop.support.AopUtils.invokeJoinpointUsingReflection(AopUtils.java:317)
	at org.springframework.aop.framework.JdkDynamicAopProxy.invoke(JdkDynamicAopProxy.java:201)
	at com.sun.proxy.$Proxy33.recuperaPaginaDeConsultas(Unknown Source)
	at br.uff.ic.tpa.smartpet.service.ConsultaAppService.recuperaPaginaDeConsultas(ConsultaAppService.java:67)
	at br.uff.ic.tpa.smartpet.service.ConsultaAppService$$FastClassBySpringCGLIB$$73f92774.invoke(<generated>)
	at org.springframework.cglib.proxy.MethodProxy.invoke(MethodProxy.java:204)
	at org.springframework.aop.framework.CglibAopProxy$CglibMethodInvocation.invokeJoinpoint(CglibAopProxy.java:717)
	at org.springframework.aop.framework.ReflectiveMethodInvocation.proceed(ReflectiveMethodInvocation.java:157)
	at org.springframework.aop.aspectj.MethodInvocationProceedingJoinPoint.proceed(MethodInvocationProceedingJoinPoint.java:85)
	at br.uff.ic.tpa.smartpet.aspect.LoggerAspect.exceptionAround(LoggerAspect.java:25)
	at sun.reflect.NativeMethodAccessorImpl.invoke0(Native Method)
	at sun.reflect.NativeMethodAccessorImpl.invoke(NativeMethodAccessorImpl.java:62)
	at sun.reflect.DelegatingMethodAccessorImpl.invoke(DelegatingMethodAccessorImpl.java:43)
	at java.lang.reflect.Method.invoke(Method.java:497)
	at org.springframework.aop.aspectj.AbstractAspectJAdvice.invokeAdviceMethodWithGivenArgs(AbstractAspectJAdvice.java:621)
	at org.springframework.aop.aspectj.AbstractAspectJAdvice.invokeAdviceMethod(AbstractAspectJAdvice.java:610)
	at org.springframework.aop.aspectj.AspectJAroundAdvice.invoke(AspectJAroundAdvice.java:68)
	at org.springframework.aop.framework.ReflectiveMethodInvocation.proceed(ReflectiveMethodInvocation.java:179)
	at org.springframework.aop.interceptor.ExposeInvocationInterceptor.invoke(ExposeInvocationInterceptor.java:92)
	at org.springframework.aop.framework.ReflectiveMethodInvocation.proceed(ReflectiveMethodInvocation.java:179)
	at org.springframework.aop.framework.CglibAopProxy$DynamicAdvisedInterceptor.intercept(CglibAopProxy.java:653)
	at br.uff.ic.tpa.smartpet.service.ConsultaAppService$$EnhancerBySpringCGLIB$$a2004b75.recuperaPaginaDeConsultas(<generated>)
	at br.uff.ic.tpa.smartpet.Main.main(Main.java:55)
Caused by: java.lang.IllegalArgumentException: Parameter with that position [1] did not exist
	at org.hibernate.jpa.spi.BaseQueryImpl.findParameterRegistration(BaseQueryImpl.java:529)
	at org.hibernate.jpa.spi.BaseQueryImpl.setParameter(BaseQueryImpl.java:685)
	at org.hibernate.jpa.spi.AbstractQueryImpl.setParameter(AbstractQueryImpl.java:198)
	at org.hibernate.jpa.spi.AbstractQueryImpl.setParameter(AbstractQueryImpl.java:49)
	at sun.reflect.NativeMethodAccessorImpl.invoke0(Native Method)
	at sun.reflect.NativeMethodAccessorImpl.invoke(NativeMethodAccessorImpl.java:62)
	at sun.reflect.DelegatingMethodAccessorImpl.invoke(DelegatingMethodAccessorImpl.java:43)
	at java.lang.reflect.Method.invoke(Method.java:497)
	at org.springframework.orm.jpa.SharedEntityManagerCreator$DeferredQueryInvocationHandler.invoke(SharedEntityManagerCreator.java:360)
	at com.sun.proxy.$Proxy38.setParameter(Unknown Source)
	at br.uff.ic.tpa.smartpet.dao.impl.JPADaoGenerico.buscaPagina(JPADaoGenerico.java:190)
	... 29 more
2016-03-30 23:52:11 br.uff.ic.tpa.smartpet.aspect.LoggerAspect exceptionAround ERROR: java.lang.IllegalArgumentException: Parameter with that position [1] did not exist
br.uff.ic.tpa.smartpet.excecao.InfraestruturaException: java.lang.IllegalArgumentException: Parameter with that position [1] did not exist
	at br.uff.ic.tpa.smartpet.dao.impl.JPADaoGenerico.buscaLista(JPADaoGenerico.java:165)
	at br.uff.ic.tpa.smartpet.dao.controle.InterceptadorDeDAO.intercept(InterceptadorDeDAO.java:58)
	at br.uff.ic.tpa.smartpet.dao.impl.DonoDAOImpl$$EnhancerByCGLIB$$41d4f790.recuperaListaDeDonosPorNome(<generated>)
	at sun.reflect.NativeMethodAccessorImpl.invoke0(Native Method)
	at sun.reflect.NativeMethodAccessorImpl.invoke(NativeMethodAccessorImpl.java:62)
	at sun.reflect.DelegatingMethodAccessorImpl.invoke(DelegatingMethodAccessorImpl.java:43)
	at java.lang.reflect.Method.invoke(Method.java:497)
	at org.springframework.aop.support.AopUtils.invokeJoinpointUsingReflection(AopUtils.java:317)
	at org.springframework.aop.framework.JdkDynamicAopProxy.invoke(JdkDynamicAopProxy.java:201)
	at com.sun.proxy.$Proxy33.recuperaListaDeDonosPorNome(Unknown Source)
	at br.uff.ic.tpa.smartpet.service.DonoAppService.recuperaListaDeDonosPorNome(DonoAppService.java:78)
	at br.uff.ic.tpa.smartpet.service.DonoAppService$$FastClassBySpringCGLIB$$22aed5cb.invoke(<generated>)
	at org.springframework.cglib.proxy.MethodProxy.invoke(MethodProxy.java:204)
	at org.springframework.aop.framework.CglibAopProxy$CglibMethodInvocation.invokeJoinpoint(CglibAopProxy.java:717)
	at org.springframework.aop.framework.ReflectiveMethodInvocation.proceed(ReflectiveMethodInvocation.java:157)
	at org.springframework.aop.aspectj.MethodInvocationProceedingJoinPoint.proceed(MethodInvocationProceedingJoinPoint.java:85)
	at br.uff.ic.tpa.smartpet.aspect.LoggerAspect.exceptionAround(LoggerAspect.java:25)
	at sun.reflect.NativeMethodAccessorImpl.invoke0(Native Method)
	at sun.reflect.NativeMethodAccessorImpl.invoke(NativeMethodAccessorImpl.java:62)
	at sun.reflect.DelegatingMethodAccessorImpl.invoke(DelegatingMethodAccessorImpl.java:43)
	at java.lang.reflect.Method.invoke(Method.java:497)
	at org.springframework.aop.aspectj.AbstractAspectJAdvice.invokeAdviceMethodWithGivenArgs(AbstractAspectJAdvice.java:621)
	at org.springframework.aop.aspectj.AbstractAspectJAdvice.invokeAdviceMethod(AbstractAspectJAdvice.java:610)
	at org.springframework.aop.aspectj.AspectJAroundAdvice.invoke(AspectJAroundAdvice.java:68)
	at org.springframework.aop.framework.ReflectiveMethodInvocation.proceed(ReflectiveMethodInvocation.java:179)
	at org.springframework.aop.interceptor.ExposeInvocationInterceptor.invoke(ExposeInvocationInterceptor.java:92)
	at org.springframework.aop.framework.ReflectiveMethodInvocation.proceed(ReflectiveMethodInvocation.java:179)
	at org.springframework.aop.framework.CglibAopProxy$DynamicAdvisedInterceptor.intercept(CglibAopProxy.java:653)
	at br.uff.ic.tpa.smartpet.service.DonoAppService$$EnhancerBySpringCGLIB$$d7698444.recuperaListaDeDonosPorNome(<generated>)
	at br.uff.ic.tpa.smartpet.Main.main(Main.java:58)
Caused by: java.lang.IllegalArgumentException: Parameter with that position [1] did not exist
	at org.hibernate.jpa.spi.BaseQueryImpl.findParameterRegistration(BaseQueryImpl.java:529)
	at org.hibernate.jpa.spi.BaseQueryImpl.setParameter(BaseQueryImpl.java:685)
	at org.hibernate.jpa.spi.AbstractQueryImpl.setParameter(AbstractQueryImpl.java:198)
	at org.hibernate.jpa.spi.AbstractQueryImpl.setParameter(AbstractQueryImpl.java:49)
	at sun.reflect.NativeMethodAccessorImpl.invoke0(Native Method)
	at sun.reflect.NativeMethodAccessorImpl.invoke(NativeMethodAccessorImpl.java:62)
	at sun.reflect.DelegatingMethodAccessorImpl.invoke(DelegatingMethodAccessorImpl.java:43)
	at java.lang.reflect.Method.invoke(Method.java:497)
	at org.springframework.orm.jpa.SharedEntityManagerCreator$DeferredQueryInvocationHandler.invoke(SharedEntityManagerCreator.java:360)
	at com.sun.proxy.$Proxy39.setParameter(Unknown Source)
	at br.uff.ic.tpa.smartpet.dao.impl.JPADaoGenerico.buscaLista(JPADaoGenerico.java:160)
	... 29 more
2016-03-30 23:52:56 br.uff.ic.tpa.smartpet.aspect.LoggerAspect exceptionAround ERROR: java.lang.IllegalArgumentException: Parameter with that position [1] did not exist
br.uff.ic.tpa.smartpet.excecao.InfraestruturaException: java.lang.IllegalArgumentException: Parameter with that position [1] did not exist
	at br.uff.ic.tpa.smartpet.dao.impl.JPADaoGenerico.buscaLista(JPADaoGenerico.java:165)
	at br.uff.ic.tpa.smartpet.dao.controle.InterceptadorDeDAO.intercept(InterceptadorDeDAO.java:58)
	at br.uff.ic.tpa.smartpet.dao.impl.DonoDAOImpl$$EnhancerByCGLIB$$41d4f790.recuperaListaDeDonosPorNome(<generated>)
	at sun.reflect.NativeMethodAccessorImpl.invoke0(Native Method)
	at sun.reflect.NativeMethodAccessorImpl.invoke(NativeMethodAccessorImpl.java:62)
	at sun.reflect.DelegatingMethodAccessorImpl.invoke(DelegatingMethodAccessorImpl.java:43)
	at java.lang.reflect.Method.invoke(Method.java:497)
	at org.springframework.aop.support.AopUtils.invokeJoinpointUsingReflection(AopUtils.java:317)
	at org.springframework.aop.framework.JdkDynamicAopProxy.invoke(JdkDynamicAopProxy.java:201)
	at com.sun.proxy.$Proxy33.recuperaListaDeDonosPorNome(Unknown Source)
	at br.uff.ic.tpa.smartpet.service.DonoAppService.recuperaListaDeDonosPorNome(DonoAppService.java:78)
	at br.uff.ic.tpa.smartpet.service.DonoAppService$$FastClassBySpringCGLIB$$22aed5cb.invoke(<generated>)
	at org.springframework.cglib.proxy.MethodProxy.invoke(MethodProxy.java:204)
	at org.springframework.aop.framework.CglibAopProxy$CglibMethodInvocation.invokeJoinpoint(CglibAopProxy.java:717)
	at org.springframework.aop.framework.ReflectiveMethodInvocation.proceed(ReflectiveMethodInvocation.java:157)
	at org.springframework.aop.aspectj.MethodInvocationProceedingJoinPoint.proceed(MethodInvocationProceedingJoinPoint.java:85)
	at br.uff.ic.tpa.smartpet.aspect.LoggerAspect.exceptionAround(LoggerAspect.java:25)
	at sun.reflect.NativeMethodAccessorImpl.invoke0(Native Method)
	at sun.reflect.NativeMethodAccessorImpl.invoke(NativeMethodAccessorImpl.java:62)
	at sun.reflect.DelegatingMethodAccessorImpl.invoke(DelegatingMethodAccessorImpl.java:43)
	at java.lang.reflect.Method.invoke(Method.java:497)
	at org.springframework.aop.aspectj.AbstractAspectJAdvice.invokeAdviceMethodWithGivenArgs(AbstractAspectJAdvice.java:621)
	at org.springframework.aop.aspectj.AbstractAspectJAdvice.invokeAdviceMethod(AbstractAspectJAdvice.java:610)
	at org.springframework.aop.aspectj.AspectJAroundAdvice.invoke(AspectJAroundAdvice.java:68)
	at org.springframework.aop.framework.ReflectiveMethodInvocation.proceed(ReflectiveMethodInvocation.java:179)
	at org.springframework.aop.interceptor.ExposeInvocationInterceptor.invoke(ExposeInvocationInterceptor.java:92)
	at org.springframework.aop.framework.ReflectiveMethodInvocation.proceed(ReflectiveMethodInvocation.java:179)
	at org.springframework.aop.framework.CglibAopProxy$DynamicAdvisedInterceptor.intercept(CglibAopProxy.java:653)
	at br.uff.ic.tpa.smartpet.service.DonoAppService$$EnhancerBySpringCGLIB$$d7698444.recuperaListaDeDonosPorNome(<generated>)
	at br.uff.ic.tpa.smartpet.Main.main(Main.java:58)
Caused by: java.lang.IllegalArgumentException: Parameter with that position [1] did not exist
	at org.hibernate.jpa.spi.BaseQueryImpl.findParameterRegistration(BaseQueryImpl.java:529)
	at org.hibernate.jpa.spi.BaseQueryImpl.setParameter(BaseQueryImpl.java:685)
	at org.hibernate.jpa.spi.AbstractQueryImpl.setParameter(AbstractQueryImpl.java:198)
	at org.hibernate.jpa.spi.AbstractQueryImpl.setParameter(AbstractQueryImpl.java:49)
	at sun.reflect.NativeMethodAccessorImpl.invoke0(Native Method)
	at sun.reflect.NativeMethodAccessorImpl.invoke(NativeMethodAccessorImpl.java:62)
	at sun.reflect.DelegatingMethodAccessorImpl.invoke(DelegatingMethodAccessorImpl.java:43)
	at java.lang.reflect.Method.invoke(Method.java:497)
	at org.springframework.orm.jpa.SharedEntityManagerCreator$DeferredQueryInvocationHandler.invoke(SharedEntityManagerCreator.java:360)
	at com.sun.proxy.$Proxy39.setParameter(Unknown Source)
	at br.uff.ic.tpa.smartpet.dao.impl.JPADaoGenerico.buscaLista(JPADaoGenerico.java:160)
	... 29 more
2016-03-31 00:13:38 br.uff.ic.tpa.smartpet.aspect.LoggerAspect exceptionAround ERROR: java.lang.IllegalArgumentException: Parameter with that position [0] did not exist
br.uff.ic.tpa.smartpet.excecao.InfraestruturaException: java.lang.IllegalArgumentException: Parameter with that position [0] did not exist
	at br.uff.ic.tpa.smartpet.dao.impl.JPADaoGenerico.buscaLista(JPADaoGenerico.java:165)
	at br.uff.ic.tpa.smartpet.dao.controle.InterceptadorDeDAO.intercept(InterceptadorDeDAO.java:58)
	at br.uff.ic.tpa.smartpet.dao.impl.DonoDAOImpl$$EnhancerByCGLIB$$41d4f790.recuperaListaDeDonosPorNome(<generated>)
	at sun.reflect.NativeMethodAccessorImpl.invoke0(Native Method)
	at sun.reflect.NativeMethodAccessorImpl.invoke(NativeMethodAccessorImpl.java:62)
	at sun.reflect.DelegatingMethodAccessorImpl.invoke(DelegatingMethodAccessorImpl.java:43)
	at java.lang.reflect.Method.invoke(Method.java:497)
	at org.springframework.aop.support.AopUtils.invokeJoinpointUsingReflection(AopUtils.java:317)
	at org.springframework.aop.framework.JdkDynamicAopProxy.invoke(JdkDynamicAopProxy.java:201)
	at com.sun.proxy.$Proxy33.recuperaListaDeDonosPorNome(Unknown Source)
	at br.uff.ic.tpa.smartpet.service.DonoAppService.recuperaListaDeDonosPorNome(DonoAppService.java:78)
	at br.uff.ic.tpa.smartpet.service.DonoAppService$$FastClassBySpringCGLIB$$22aed5cb.invoke(<generated>)
	at org.springframework.cglib.proxy.MethodProxy.invoke(MethodProxy.java:204)
	at org.springframework.aop.framework.CglibAopProxy$CglibMethodInvocation.invokeJoinpoint(CglibAopProxy.java:717)
	at org.springframework.aop.framework.ReflectiveMethodInvocation.proceed(ReflectiveMethodInvocation.java:157)
	at org.springframework.aop.aspectj.MethodInvocationProceedingJoinPoint.proceed(MethodInvocationProceedingJoinPoint.java:85)
	at br.uff.ic.tpa.smartpet.aspect.LoggerAspect.exceptionAround(LoggerAspect.java:25)
	at sun.reflect.NativeMethodAccessorImpl.invoke0(Native Method)
	at sun.reflect.NativeMethodAccessorImpl.invoke(NativeMethodAccessorImpl.java:62)
	at sun.reflect.DelegatingMethodAccessorImpl.invoke(DelegatingMethodAccessorImpl.java:43)
	at java.lang.reflect.Method.invoke(Method.java:497)
	at org.springframework.aop.aspectj.AbstractAspectJAdvice.invokeAdviceMethodWithGivenArgs(AbstractAspectJAdvice.java:621)
	at org.springframework.aop.aspectj.AbstractAspectJAdvice.invokeAdviceMethod(AbstractAspectJAdvice.java:610)
	at org.springframework.aop.aspectj.AspectJAroundAdvice.invoke(AspectJAroundAdvice.java:68)
	at org.springframework.aop.framework.ReflectiveMethodInvocation.proceed(ReflectiveMethodInvocation.java:179)
	at org.springframework.aop.interceptor.ExposeInvocationInterceptor.invoke(ExposeInvocationInterceptor.java:92)
	at org.springframework.aop.framework.ReflectiveMethodInvocation.proceed(ReflectiveMethodInvocation.java:179)
	at org.springframework.aop.framework.CglibAopProxy$DynamicAdvisedInterceptor.intercept(CglibAopProxy.java:653)
	at br.uff.ic.tpa.smartpet.service.DonoAppService$$EnhancerBySpringCGLIB$$d7698444.recuperaListaDeDonosPorNome(<generated>)
	at br.uff.ic.tpa.smartpet.Main.main(Main.java:58)
Caused by: java.lang.IllegalArgumentException: Parameter with that position [0] did not exist
	at org.hibernate.jpa.spi.BaseQueryImpl.findParameterRegistration(BaseQueryImpl.java:529)
	at org.hibernate.jpa.spi.BaseQueryImpl.setParameter(BaseQueryImpl.java:685)
	at org.hibernate.jpa.spi.AbstractQueryImpl.setParameter(AbstractQueryImpl.java:198)
	at org.hibernate.jpa.spi.AbstractQueryImpl.setParameter(AbstractQueryImpl.java:49)
	at sun.reflect.NativeMethodAccessorImpl.invoke0(Native Method)
	at sun.reflect.NativeMethodAccessorImpl.invoke(NativeMethodAccessorImpl.java:62)
	at sun.reflect.DelegatingMethodAccessorImpl.invoke(DelegatingMethodAccessorImpl.java:43)
	at java.lang.reflect.Method.invoke(Method.java:497)
	at org.springframework.orm.jpa.SharedEntityManagerCreator$DeferredQueryInvocationHandler.invoke(SharedEntityManagerCreator.java:360)
	at com.sun.proxy.$Proxy39.setParameter(Unknown Source)
	at br.uff.ic.tpa.smartpet.dao.impl.JPADaoGenerico.buscaLista(JPADaoGenerico.java:160)
	... 29 more
2016-03-31 00:13:59 br.uff.ic.tpa.smartpet.aspect.LoggerAspect exceptionAround ERROR: java.lang.IllegalArgumentException: Parameter with that position [1] did not exist
br.uff.ic.tpa.smartpet.excecao.InfraestruturaException: java.lang.IllegalArgumentException: Parameter with that position [1] did not exist
	at br.uff.ic.tpa.smartpet.dao.impl.JPADaoGenerico.buscaLista(JPADaoGenerico.java:165)
	at br.uff.ic.tpa.smartpet.dao.controle.InterceptadorDeDAO.intercept(InterceptadorDeDAO.java:58)
	at br.uff.ic.tpa.smartpet.dao.impl.DonoDAOImpl$$EnhancerByCGLIB$$41d4f790.recuperaListaDeDonosPorNome(<generated>)
	at sun.reflect.NativeMethodAccessorImpl.invoke0(Native Method)
	at sun.reflect.NativeMethodAccessorImpl.invoke(NativeMethodAccessorImpl.java:62)
	at sun.reflect.DelegatingMethodAccessorImpl.invoke(DelegatingMethodAccessorImpl.java:43)
	at java.lang.reflect.Method.invoke(Method.java:497)
	at org.springframework.aop.support.AopUtils.invokeJoinpointUsingReflection(AopUtils.java:317)
	at org.springframework.aop.framework.JdkDynamicAopProxy.invoke(JdkDynamicAopProxy.java:201)
	at com.sun.proxy.$Proxy33.recuperaListaDeDonosPorNome(Unknown Source)
	at br.uff.ic.tpa.smartpet.service.DonoAppService.recuperaListaDeDonosPorNome(DonoAppService.java:78)
	at br.uff.ic.tpa.smartpet.service.DonoAppService$$FastClassBySpringCGLIB$$22aed5cb.invoke(<generated>)
	at org.springframework.cglib.proxy.MethodProxy.invoke(MethodProxy.java:204)
	at org.springframework.aop.framework.CglibAopProxy$CglibMethodInvocation.invokeJoinpoint(CglibAopProxy.java:717)
	at org.springframework.aop.framework.ReflectiveMethodInvocation.proceed(ReflectiveMethodInvocation.java:157)
	at org.springframework.aop.aspectj.MethodInvocationProceedingJoinPoint.proceed(MethodInvocationProceedingJoinPoint.java:85)
	at br.uff.ic.tpa.smartpet.aspect.LoggerAspect.exceptionAround(LoggerAspect.java:25)
	at sun.reflect.NativeMethodAccessorImpl.invoke0(Native Method)
	at sun.reflect.NativeMethodAccessorImpl.invoke(NativeMethodAccessorImpl.java:62)
	at sun.reflect.DelegatingMethodAccessorImpl.invoke(DelegatingMethodAccessorImpl.java:43)
	at java.lang.reflect.Method.invoke(Method.java:497)
	at org.springframework.aop.aspectj.AbstractAspectJAdvice.invokeAdviceMethodWithGivenArgs(AbstractAspectJAdvice.java:621)
	at org.springframework.aop.aspectj.AbstractAspectJAdvice.invokeAdviceMethod(AbstractAspectJAdvice.java:610)
	at org.springframework.aop.aspectj.AspectJAroundAdvice.invoke(AspectJAroundAdvice.java:68)
	at org.springframework.aop.framework.ReflectiveMethodInvocation.proceed(ReflectiveMethodInvocation.java:179)
	at org.springframework.aop.interceptor.ExposeInvocationInterceptor.invoke(ExposeInvocationInterceptor.java:92)
	at org.springframework.aop.framework.ReflectiveMethodInvocation.proceed(ReflectiveMethodInvocation.java:179)
	at org.springframework.aop.framework.CglibAopProxy$DynamicAdvisedInterceptor.intercept(CglibAopProxy.java:653)
	at br.uff.ic.tpa.smartpet.service.DonoAppService$$EnhancerBySpringCGLIB$$d7698444.recuperaListaDeDonosPorNome(<generated>)
	at br.uff.ic.tpa.smartpet.Main.main(Main.java:58)
Caused by: java.lang.IllegalArgumentException: Parameter with that position [1] did not exist
	at org.hibernate.jpa.spi.BaseQueryImpl.findParameterRegistration(BaseQueryImpl.java:529)
	at org.hibernate.jpa.spi.BaseQueryImpl.setParameter(BaseQueryImpl.java:685)
	at org.hibernate.jpa.spi.AbstractQueryImpl.setParameter(AbstractQueryImpl.java:198)
	at org.hibernate.jpa.spi.AbstractQueryImpl.setParameter(AbstractQueryImpl.java:49)
	at sun.reflect.NativeMethodAccessorImpl.invoke0(Native Method)
	at sun.reflect.NativeMethodAccessorImpl.invoke(NativeMethodAccessorImpl.java:62)
	at sun.reflect.DelegatingMethodAccessorImpl.invoke(DelegatingMethodAccessorImpl.java:43)
	at java.lang.reflect.Method.invoke(Method.java:497)
	at org.springframework.orm.jpa.SharedEntityManagerCreator$DeferredQueryInvocationHandler.invoke(SharedEntityManagerCreator.java:360)
	at com.sun.proxy.$Proxy39.setParameter(Unknown Source)
	at br.uff.ic.tpa.smartpet.dao.impl.JPADaoGenerico.buscaLista(JPADaoGenerico.java:160)
	... 29 more
2016-03-31 00:15:03 br.uff.ic.tpa.smartpet.aspect.LoggerAspect exceptionAround ERROR: java.lang.IllegalArgumentException: Parameter with that position [1] did not exist
br.uff.ic.tpa.smartpet.excecao.InfraestruturaException: java.lang.IllegalArgumentException: Parameter with that position [1] did not exist
	at br.uff.ic.tpa.smartpet.dao.impl.JPADaoGenerico.buscaLista(JPADaoGenerico.java:165)
	at br.uff.ic.tpa.smartpet.dao.controle.InterceptadorDeDAO.intercept(InterceptadorDeDAO.java:58)
	at br.uff.ic.tpa.smartpet.dao.impl.DonoDAOImpl$$EnhancerByCGLIB$$41d4f790.recuperaListaDeDonosPorNome(<generated>)
	at sun.reflect.NativeMethodAccessorImpl.invoke0(Native Method)
	at sun.reflect.NativeMethodAccessorImpl.invoke(NativeMethodAccessorImpl.java:62)
	at sun.reflect.DelegatingMethodAccessorImpl.invoke(DelegatingMethodAccessorImpl.java:43)
	at java.lang.reflect.Method.invoke(Method.java:497)
	at org.springframework.aop.support.AopUtils.invokeJoinpointUsingReflection(AopUtils.java:317)
	at org.springframework.aop.framework.JdkDynamicAopProxy.invoke(JdkDynamicAopProxy.java:201)
	at com.sun.proxy.$Proxy33.recuperaListaDeDonosPorNome(Unknown Source)
	at br.uff.ic.tpa.smartpet.service.DonoAppService.recuperaListaDeDonosPorNome(DonoAppService.java:78)
	at br.uff.ic.tpa.smartpet.service.DonoAppService$$FastClassBySpringCGLIB$$22aed5cb.invoke(<generated>)
	at org.springframework.cglib.proxy.MethodProxy.invoke(MethodProxy.java:204)
	at org.springframework.aop.framework.CglibAopProxy$CglibMethodInvocation.invokeJoinpoint(CglibAopProxy.java:717)
	at org.springframework.aop.framework.ReflectiveMethodInvocation.proceed(ReflectiveMethodInvocation.java:157)
	at org.springframework.aop.aspectj.MethodInvocationProceedingJoinPoint.proceed(MethodInvocationProceedingJoinPoint.java:85)
	at br.uff.ic.tpa.smartpet.aspect.LoggerAspect.exceptionAround(LoggerAspect.java:25)
	at sun.reflect.NativeMethodAccessorImpl.invoke0(Native Method)
	at sun.reflect.NativeMethodAccessorImpl.invoke(NativeMethodAccessorImpl.java:62)
	at sun.reflect.DelegatingMethodAccessorImpl.invoke(DelegatingMethodAccessorImpl.java:43)
	at java.lang.reflect.Method.invoke(Method.java:497)
	at org.springframework.aop.aspectj.AbstractAspectJAdvice.invokeAdviceMethodWithGivenArgs(AbstractAspectJAdvice.java:621)
	at org.springframework.aop.aspectj.AbstractAspectJAdvice.invokeAdviceMethod(AbstractAspectJAdvice.java:610)
	at org.springframework.aop.aspectj.AspectJAroundAdvice.invoke(AspectJAroundAdvice.java:68)
	at org.springframework.aop.framework.ReflectiveMethodInvocation.proceed(ReflectiveMethodInvocation.java:179)
	at org.springframework.aop.interceptor.ExposeInvocationInterceptor.invoke(ExposeInvocationInterceptor.java:92)
	at org.springframework.aop.framework.ReflectiveMethodInvocation.proceed(ReflectiveMethodInvocation.java:179)
	at org.springframework.aop.framework.CglibAopProxy$DynamicAdvisedInterceptor.intercept(CglibAopProxy.java:653)
	at br.uff.ic.tpa.smartpet.service.DonoAppService$$EnhancerBySpringCGLIB$$3e8405b0.recuperaListaDeDonosPorNome(<generated>)
	at br.uff.ic.tpa.smartpet.Main.main(Main.java:58)
Caused by: java.lang.IllegalArgumentException: Parameter with that position [1] did not exist
	at org.hibernate.jpa.spi.BaseQueryImpl.findParameterRegistration(BaseQueryImpl.java:529)
	at org.hibernate.jpa.spi.BaseQueryImpl.setParameter(BaseQueryImpl.java:685)
	at org.hibernate.jpa.spi.AbstractQueryImpl.setParameter(AbstractQueryImpl.java:198)
	at org.hibernate.jpa.spi.AbstractQueryImpl.setParameter(AbstractQueryImpl.java:49)
	at sun.reflect.NativeMethodAccessorImpl.invoke0(Native Method)
	at sun.reflect.NativeMethodAccessorImpl.invoke(NativeMethodAccessorImpl.java:62)
	at sun.reflect.DelegatingMethodAccessorImpl.invoke(DelegatingMethodAccessorImpl.java:43)
	at java.lang.reflect.Method.invoke(Method.java:497)
	at org.springframework.orm.jpa.SharedEntityManagerCreator$DeferredQueryInvocationHandler.invoke(SharedEntityManagerCreator.java:360)
	at com.sun.proxy.$Proxy39.setParameter(Unknown Source)
	at br.uff.ic.tpa.smartpet.dao.impl.JPADaoGenerico.buscaLista(JPADaoGenerico.java:160)
	... 29 more
2016-03-31 00:15:40 br.uff.ic.tpa.smartpet.aspect.LoggerAspect exceptionAround ERROR: java.lang.IllegalArgumentException: Parameter with that position [1] did not exist
br.uff.ic.tpa.smartpet.excecao.InfraestruturaException: java.lang.IllegalArgumentException: Parameter with that position [1] did not exist
	at br.uff.ic.tpa.smartpet.dao.impl.JPADaoGenerico.buscaPagina(JPADaoGenerico.java:214)
	at br.uff.ic.tpa.smartpet.dao.controle.InterceptadorDeDAO.intercept(InterceptadorDeDAO.java:61)
	at br.uff.ic.tpa.smartpet.dao.impl.DonoDAOImpl$$EnhancerByCGLIB$$41d4f790.recuperaPaginaDeDonosPorNome(<generated>)
	at sun.reflect.NativeMethodAccessorImpl.invoke0(Native Method)
	at sun.reflect.NativeMethodAccessorImpl.invoke(NativeMethodAccessorImpl.java:62)
	at sun.reflect.DelegatingMethodAccessorImpl.invoke(DelegatingMethodAccessorImpl.java:43)
	at java.lang.reflect.Method.invoke(Method.java:497)
	at org.springframework.aop.support.AopUtils.invokeJoinpointUsingReflection(AopUtils.java:317)
	at org.springframework.aop.framework.JdkDynamicAopProxy.invoke(JdkDynamicAopProxy.java:201)
	at com.sun.proxy.$Proxy33.recuperaPaginaDeDonosPorNome(Unknown Source)
	at br.uff.ic.tpa.smartpet.service.DonoAppService.recuperaPaginaDeDonosPorNome(DonoAppService.java:82)
	at br.uff.ic.tpa.smartpet.service.DonoAppService$$FastClassBySpringCGLIB$$22aed5cb.invoke(<generated>)
	at org.springframework.cglib.proxy.MethodProxy.invoke(MethodProxy.java:204)
	at org.springframework.aop.framework.CglibAopProxy$CglibMethodInvocation.invokeJoinpoint(CglibAopProxy.java:717)
	at org.springframework.aop.framework.ReflectiveMethodInvocation.proceed(ReflectiveMethodInvocation.java:157)
	at org.springframework.aop.aspectj.MethodInvocationProceedingJoinPoint.proceed(MethodInvocationProceedingJoinPoint.java:85)
	at br.uff.ic.tpa.smartpet.aspect.LoggerAspect.exceptionAround(LoggerAspect.java:25)
	at sun.reflect.NativeMethodAccessorImpl.invoke0(Native Method)
	at sun.reflect.NativeMethodAccessorImpl.invoke(NativeMethodAccessorImpl.java:62)
	at sun.reflect.DelegatingMethodAccessorImpl.invoke(DelegatingMethodAccessorImpl.java:43)
	at java.lang.reflect.Method.invoke(Method.java:497)
	at org.springframework.aop.aspectj.AbstractAspectJAdvice.invokeAdviceMethodWithGivenArgs(AbstractAspectJAdvice.java:621)
	at org.springframework.aop.aspectj.AbstractAspectJAdvice.invokeAdviceMethod(AbstractAspectJAdvice.java:610)
	at org.springframework.aop.aspectj.AspectJAroundAdvice.invoke(AspectJAroundAdvice.java:68)
	at org.springframework.aop.framework.ReflectiveMethodInvocation.proceed(ReflectiveMethodInvocation.java:179)
	at org.springframework.aop.interceptor.ExposeInvocationInterceptor.invoke(ExposeInvocationInterceptor.java:92)
	at org.springframework.aop.framework.ReflectiveMethodInvocation.proceed(ReflectiveMethodInvocation.java:179)
	at org.springframework.aop.framework.CglibAopProxy$DynamicAdvisedInterceptor.intercept(CglibAopProxy.java:653)
	at br.uff.ic.tpa.smartpet.service.DonoAppService$$EnhancerBySpringCGLIB$$3e8405b0.recuperaPaginaDeDonosPorNome(<generated>)
	at br.uff.ic.tpa.smartpet.Main.main(Main.java:58)
Caused by: java.lang.IllegalArgumentException: Parameter with that position [1] did not exist
	at org.hibernate.jpa.spi.BaseQueryImpl.findParameterRegistration(BaseQueryImpl.java:529)
	at org.hibernate.jpa.spi.BaseQueryImpl.setParameter(BaseQueryImpl.java:685)
	at org.hibernate.jpa.spi.AbstractQueryImpl.setParameter(AbstractQueryImpl.java:198)
	at org.hibernate.jpa.spi.AbstractQueryImpl.setParameter(AbstractQueryImpl.java:49)
	at sun.reflect.NativeMethodAccessorImpl.invoke0(Native Method)
	at sun.reflect.NativeMethodAccessorImpl.invoke(NativeMethodAccessorImpl.java:62)
	at sun.reflect.DelegatingMethodAccessorImpl.invoke(DelegatingMethodAccessorImpl.java:43)
	at java.lang.reflect.Method.invoke(Method.java:497)
	at org.springframework.orm.jpa.SharedEntityManagerCreator$DeferredQueryInvocationHandler.invoke(SharedEntityManagerCreator.java:360)
	at com.sun.proxy.$Proxy39.setParameter(Unknown Source)
	at br.uff.ic.tpa.smartpet.dao.impl.JPADaoGenerico.buscaPagina(JPADaoGenerico.java:209)
	... 29 more
2016-03-31 00:16:58 br.uff.ic.tpa.smartpet.aspect.LoggerAspect exceptionAround ERROR: java.lang.IllegalArgumentException: Parameter with that position [1] did not exist
br.uff.ic.tpa.smartpet.excecao.InfraestruturaException: java.lang.IllegalArgumentException: Parameter with that position [1] did not exist
	at br.uff.ic.tpa.smartpet.dao.impl.JPADaoGenerico.buscaPagina(JPADaoGenerico.java:214)
	at br.uff.ic.tpa.smartpet.dao.controle.InterceptadorDeDAO.intercept(InterceptadorDeDAO.java:61)
	at br.uff.ic.tpa.smartpet.dao.impl.DonoDAOImpl$$EnhancerByCGLIB$$41d4f790.recuperaPaginaDeDonosPorNome(<generated>)
	at sun.reflect.NativeMethodAccessorImpl.invoke0(Native Method)
	at sun.reflect.NativeMethodAccessorImpl.invoke(NativeMethodAccessorImpl.java:62)
	at sun.reflect.DelegatingMethodAccessorImpl.invoke(DelegatingMethodAccessorImpl.java:43)
	at java.lang.reflect.Method.invoke(Method.java:497)
	at org.springframework.aop.support.AopUtils.invokeJoinpointUsingReflection(AopUtils.java:317)
	at org.springframework.aop.framework.JdkDynamicAopProxy.invoke(JdkDynamicAopProxy.java:201)
	at com.sun.proxy.$Proxy33.recuperaPaginaDeDonosPorNome(Unknown Source)
	at br.uff.ic.tpa.smartpet.service.DonoAppService.recuperaPaginaDeDonosPorNome(DonoAppService.java:82)
	at br.uff.ic.tpa.smartpet.service.DonoAppService$$FastClassBySpringCGLIB$$22aed5cb.invoke(<generated>)
	at org.springframework.cglib.proxy.MethodProxy.invoke(MethodProxy.java:204)
	at org.springframework.aop.framework.CglibAopProxy$CglibMethodInvocation.invokeJoinpoint(CglibAopProxy.java:717)
	at org.springframework.aop.framework.ReflectiveMethodInvocation.proceed(ReflectiveMethodInvocation.java:157)
	at org.springframework.aop.aspectj.MethodInvocationProceedingJoinPoint.proceed(MethodInvocationProceedingJoinPoint.java:85)
	at br.uff.ic.tpa.smartpet.aspect.LoggerAspect.exceptionAround(LoggerAspect.java:25)
	at sun.reflect.NativeMethodAccessorImpl.invoke0(Native Method)
	at sun.reflect.NativeMethodAccessorImpl.invoke(NativeMethodAccessorImpl.java:62)
	at sun.reflect.DelegatingMethodAccessorImpl.invoke(DelegatingMethodAccessorImpl.java:43)
	at java.lang.reflect.Method.invoke(Method.java:497)
	at org.springframework.aop.aspectj.AbstractAspectJAdvice.invokeAdviceMethodWithGivenArgs(AbstractAspectJAdvice.java:621)
	at org.springframework.aop.aspectj.AbstractAspectJAdvice.invokeAdviceMethod(AbstractAspectJAdvice.java:610)
	at org.springframework.aop.aspectj.AspectJAroundAdvice.invoke(AspectJAroundAdvice.java:68)
	at org.springframework.aop.framework.ReflectiveMethodInvocation.proceed(ReflectiveMethodInvocation.java:179)
	at org.springframework.aop.interceptor.ExposeInvocationInterceptor.invoke(ExposeInvocationInterceptor.java:92)
	at org.springframework.aop.framework.ReflectiveMethodInvocation.proceed(ReflectiveMethodInvocation.java:179)
	at org.springframework.aop.framework.CglibAopProxy$DynamicAdvisedInterceptor.intercept(CglibAopProxy.java:653)
	at br.uff.ic.tpa.smartpet.service.DonoAppService$$EnhancerBySpringCGLIB$$3e8405b0.recuperaPaginaDeDonosPorNome(<generated>)
	at br.uff.ic.tpa.smartpet.Main.main(Main.java:58)
Caused by: java.lang.IllegalArgumentException: Parameter with that position [1] did not exist
	at org.hibernate.jpa.spi.BaseQueryImpl.findParameterRegistration(BaseQueryImpl.java:529)
	at org.hibernate.jpa.spi.BaseQueryImpl.setParameter(BaseQueryImpl.java:685)
	at org.hibernate.jpa.spi.AbstractQueryImpl.setParameter(AbstractQueryImpl.java:198)
	at org.hibernate.jpa.spi.AbstractQueryImpl.setParameter(AbstractQueryImpl.java:49)
	at sun.reflect.NativeMethodAccessorImpl.invoke0(Native Method)
	at sun.reflect.NativeMethodAccessorImpl.invoke(NativeMethodAccessorImpl.java:62)
	at sun.reflect.DelegatingMethodAccessorImpl.invoke(DelegatingMethodAccessorImpl.java:43)
	at java.lang.reflect.Method.invoke(Method.java:497)
	at org.springframework.orm.jpa.SharedEntityManagerCreator$DeferredQueryInvocationHandler.invoke(SharedEntityManagerCreator.java:360)
	at com.sun.proxy.$Proxy39.setParameter(Unknown Source)
	at br.uff.ic.tpa.smartpet.dao.impl.JPADaoGenerico.buscaPagina(JPADaoGenerico.java:209)
	... 29 more
2016-03-31 00:18:14 br.uff.ic.tpa.smartpet.aspect.LoggerAspect exceptionAround ERROR: java.lang.IllegalArgumentException: Parameter with that position [1] did not exist
br.uff.ic.tpa.smartpet.excecao.InfraestruturaException: java.lang.IllegalArgumentException: Parameter with that position [1] did not exist
	at br.uff.ic.tpa.smartpet.dao.impl.JPADaoGenerico.buscaLista(JPADaoGenerico.java:165)
	at br.uff.ic.tpa.smartpet.dao.controle.InterceptadorDeDAO.intercept(InterceptadorDeDAO.java:58)
	at br.uff.ic.tpa.smartpet.dao.impl.DonoDAOImpl$$EnhancerByCGLIB$$41d4f790.recuperaListaDeDonosPorNome(<generated>)
	at sun.reflect.NativeMethodAccessorImpl.invoke0(Native Method)
	at sun.reflect.NativeMethodAccessorImpl.invoke(NativeMethodAccessorImpl.java:62)
	at sun.reflect.DelegatingMethodAccessorImpl.invoke(DelegatingMethodAccessorImpl.java:43)
	at java.lang.reflect.Method.invoke(Method.java:497)
	at org.springframework.aop.support.AopUtils.invokeJoinpointUsingReflection(AopUtils.java:317)
	at org.springframework.aop.framework.JdkDynamicAopProxy.invoke(JdkDynamicAopProxy.java:201)
	at com.sun.proxy.$Proxy33.recuperaListaDeDonosPorNome(Unknown Source)
	at br.uff.ic.tpa.smartpet.service.DonoAppService.recuperaListaDeDonosPorNome(DonoAppService.java:78)
	at br.uff.ic.tpa.smartpet.service.DonoAppService$$FastClassBySpringCGLIB$$22aed5cb.invoke(<generated>)
	at org.springframework.cglib.proxy.MethodProxy.invoke(MethodProxy.java:204)
	at org.springframework.aop.framework.CglibAopProxy$CglibMethodInvocation.invokeJoinpoint(CglibAopProxy.java:717)
	at org.springframework.aop.framework.ReflectiveMethodInvocation.proceed(ReflectiveMethodInvocation.java:157)
	at org.springframework.aop.aspectj.MethodInvocationProceedingJoinPoint.proceed(MethodInvocationProceedingJoinPoint.java:85)
	at br.uff.ic.tpa.smartpet.aspect.LoggerAspect.exceptionAround(LoggerAspect.java:25)
	at sun.reflect.NativeMethodAccessorImpl.invoke0(Native Method)
	at sun.reflect.NativeMethodAccessorImpl.invoke(NativeMethodAccessorImpl.java:62)
	at sun.reflect.DelegatingMethodAccessorImpl.invoke(DelegatingMethodAccessorImpl.java:43)
	at java.lang.reflect.Method.invoke(Method.java:497)
	at org.springframework.aop.aspectj.AbstractAspectJAdvice.invokeAdviceMethodWithGivenArgs(AbstractAspectJAdvice.java:621)
	at org.springframework.aop.aspectj.AbstractAspectJAdvice.invokeAdviceMethod(AbstractAspectJAdvice.java:610)
	at org.springframework.aop.aspectj.AspectJAroundAdvice.invoke(AspectJAroundAdvice.java:68)
	at org.springframework.aop.framework.ReflectiveMethodInvocation.proceed(ReflectiveMethodInvocation.java:179)
	at org.springframework.aop.interceptor.ExposeInvocationInterceptor.invoke(ExposeInvocationInterceptor.java:92)
	at org.springframework.aop.framework.ReflectiveMethodInvocation.proceed(ReflectiveMethodInvocation.java:179)
	at org.springframework.aop.framework.CglibAopProxy$DynamicAdvisedInterceptor.intercept(CglibAopProxy.java:653)
	at br.uff.ic.tpa.smartpet.service.DonoAppService$$EnhancerBySpringCGLIB$$3e8405b0.recuperaListaDeDonosPorNome(<generated>)
	at br.uff.ic.tpa.smartpet.Main.main(Main.java:58)
Caused by: java.lang.IllegalArgumentException: Parameter with that position [1] did not exist
	at org.hibernate.jpa.spi.BaseQueryImpl.findParameterRegistration(BaseQueryImpl.java:529)
	at org.hibernate.jpa.spi.BaseQueryImpl.setParameter(BaseQueryImpl.java:685)
	at org.hibernate.jpa.spi.AbstractQueryImpl.setParameter(AbstractQueryImpl.java:198)
	at org.hibernate.jpa.spi.AbstractQueryImpl.setParameter(AbstractQueryImpl.java:49)
	at sun.reflect.NativeMethodAccessorImpl.invoke0(Native Method)
	at sun.reflect.NativeMethodAccessorImpl.invoke(NativeMethodAccessorImpl.java:62)
	at sun.reflect.DelegatingMethodAccessorImpl.invoke(DelegatingMethodAccessorImpl.java:43)
	at java.lang.reflect.Method.invoke(Method.java:497)
	at org.springframework.orm.jpa.SharedEntityManagerCreator$DeferredQueryInvocationHandler.invoke(SharedEntityManagerCreator.java:360)
	at com.sun.proxy.$Proxy39.setParameter(Unknown Source)
	at br.uff.ic.tpa.smartpet.dao.impl.JPADaoGenerico.buscaLista(JPADaoGenerico.java:160)
	... 29 more
2016-03-31 00:19:50 br.uff.ic.tpa.smartpet.aspect.LoggerAspect exceptionAround ERROR: java.lang.IllegalArgumentException: Parameter with that position [1] did not exist
br.uff.ic.tpa.smartpet.excecao.InfraestruturaException: java.lang.IllegalArgumentException: Parameter with that position [1] did not exist
	at br.uff.ic.tpa.smartpet.dao.impl.JPADaoGenerico.buscaLista(JPADaoGenerico.java:165)
	at br.uff.ic.tpa.smartpet.dao.controle.InterceptadorDeDAO.intercept(InterceptadorDeDAO.java:58)
	at br.uff.ic.tpa.smartpet.dao.impl.DonoDAOImpl$$EnhancerByCGLIB$$41d4f790.recuperaListaDeDonosPorNome(<generated>)
	at sun.reflect.NativeMethodAccessorImpl.invoke0(Native Method)
	at sun.reflect.NativeMethodAccessorImpl.invoke(NativeMethodAccessorImpl.java:62)
	at sun.reflect.DelegatingMethodAccessorImpl.invoke(DelegatingMethodAccessorImpl.java:43)
	at java.lang.reflect.Method.invoke(Method.java:497)
	at org.springframework.aop.support.AopUtils.invokeJoinpointUsingReflection(AopUtils.java:317)
	at org.springframework.aop.framework.JdkDynamicAopProxy.invoke(JdkDynamicAopProxy.java:201)
	at com.sun.proxy.$Proxy33.recuperaListaDeDonosPorNome(Unknown Source)
	at br.uff.ic.tpa.smartpet.service.DonoAppService.recuperaListaDeDonosPorNome(DonoAppService.java:78)
	at br.uff.ic.tpa.smartpet.service.DonoAppService$$FastClassBySpringCGLIB$$22aed5cb.invoke(<generated>)
	at org.springframework.cglib.proxy.MethodProxy.invoke(MethodProxy.java:204)
	at org.springframework.aop.framework.CglibAopProxy$CglibMethodInvocation.invokeJoinpoint(CglibAopProxy.java:717)
	at org.springframework.aop.framework.ReflectiveMethodInvocation.proceed(ReflectiveMethodInvocation.java:157)
	at org.springframework.aop.aspectj.MethodInvocationProceedingJoinPoint.proceed(MethodInvocationProceedingJoinPoint.java:85)
	at br.uff.ic.tpa.smartpet.aspect.LoggerAspect.exceptionAround(LoggerAspect.java:25)
	at sun.reflect.NativeMethodAccessorImpl.invoke0(Native Method)
	at sun.reflect.NativeMethodAccessorImpl.invoke(NativeMethodAccessorImpl.java:62)
	at sun.reflect.DelegatingMethodAccessorImpl.invoke(DelegatingMethodAccessorImpl.java:43)
	at java.lang.reflect.Method.invoke(Method.java:497)
	at org.springframework.aop.aspectj.AbstractAspectJAdvice.invokeAdviceMethodWithGivenArgs(AbstractAspectJAdvice.java:621)
	at org.springframework.aop.aspectj.AbstractAspectJAdvice.invokeAdviceMethod(AbstractAspectJAdvice.java:610)
	at org.springframework.aop.aspectj.AspectJAroundAdvice.invoke(AspectJAroundAdvice.java:68)
	at org.springframework.aop.framework.ReflectiveMethodInvocation.proceed(ReflectiveMethodInvocation.java:179)
	at org.springframework.aop.interceptor.ExposeInvocationInterceptor.invoke(ExposeInvocationInterceptor.java:92)
	at org.springframework.aop.framework.ReflectiveMethodInvocation.proceed(ReflectiveMethodInvocation.java:179)
	at org.springframework.aop.framework.CglibAopProxy$DynamicAdvisedInterceptor.intercept(CglibAopProxy.java:653)
	at br.uff.ic.tpa.smartpet.service.DonoAppService$$EnhancerBySpringCGLIB$$3e8405b0.recuperaListaDeDonosPorNome(<generated>)
	at br.uff.ic.tpa.smartpet.Main.main(Main.java:58)
Caused by: java.lang.IllegalArgumentException: Parameter with that position [1] did not exist
	at org.hibernate.jpa.spi.BaseQueryImpl.findParameterRegistration(BaseQueryImpl.java:529)
	at org.hibernate.jpa.spi.BaseQueryImpl.setParameter(BaseQueryImpl.java:685)
	at org.hibernate.jpa.spi.AbstractQueryImpl.setParameter(AbstractQueryImpl.java:198)
	at org.hibernate.jpa.spi.AbstractQueryImpl.setParameter(AbstractQueryImpl.java:49)
	at sun.reflect.NativeMethodAccessorImpl.invoke0(Native Method)
	at sun.reflect.NativeMethodAccessorImpl.invoke(NativeMethodAccessorImpl.java:62)
	at sun.reflect.DelegatingMethodAccessorImpl.invoke(DelegatingMethodAccessorImpl.java:43)
	at java.lang.reflect.Method.invoke(Method.java:497)
	at org.springframework.orm.jpa.SharedEntityManagerCreator$DeferredQueryInvocationHandler.invoke(SharedEntityManagerCreator.java:360)
	at com.sun.proxy.$Proxy39.setParameter(Unknown Source)
	at br.uff.ic.tpa.smartpet.dao.impl.JPADaoGenerico.buscaLista(JPADaoGenerico.java:160)
	... 29 more
2016-03-31 00:21:53 br.uff.ic.tpa.smartpet.aspect.LoggerAspect exceptionAround ERROR: java.lang.IllegalArgumentException: Parameter with that position [1] did not exist
br.uff.ic.tpa.smartpet.excecao.InfraestruturaException: java.lang.IllegalArgumentException: Parameter with that position [1] did not exist
	at br.uff.ic.tpa.smartpet.dao.impl.JPADaoGenerico.buscaLista(JPADaoGenerico.java:165)
	at br.uff.ic.tpa.smartpet.dao.controle.InterceptadorDeDAO.intercept(InterceptadorDeDAO.java:58)
	at br.uff.ic.tpa.smartpet.dao.impl.DonoDAOImpl$$EnhancerByCGLIB$$41d4f790.recuperaListaDeDonosPorNome(<generated>)
	at sun.reflect.NativeMethodAccessorImpl.invoke0(Native Method)
	at sun.reflect.NativeMethodAccessorImpl.invoke(NativeMethodAccessorImpl.java:62)
	at sun.reflect.DelegatingMethodAccessorImpl.invoke(DelegatingMethodAccessorImpl.java:43)
	at java.lang.reflect.Method.invoke(Method.java:497)
	at org.springframework.aop.support.AopUtils.invokeJoinpointUsingReflection(AopUtils.java:317)
	at org.springframework.aop.framework.JdkDynamicAopProxy.invoke(JdkDynamicAopProxy.java:201)
	at com.sun.proxy.$Proxy33.recuperaListaDeDonosPorNome(Unknown Source)
	at br.uff.ic.tpa.smartpet.service.DonoAppService.recuperaListaDeDonosPorNome(DonoAppService.java:78)
	at br.uff.ic.tpa.smartpet.service.DonoAppService$$FastClassBySpringCGLIB$$22aed5cb.invoke(<generated>)
	at org.springframework.cglib.proxy.MethodProxy.invoke(MethodProxy.java:204)
	at org.springframework.aop.framework.CglibAopProxy$CglibMethodInvocation.invokeJoinpoint(CglibAopProxy.java:717)
	at org.springframework.aop.framework.ReflectiveMethodInvocation.proceed(ReflectiveMethodInvocation.java:157)
	at org.springframework.aop.aspectj.MethodInvocationProceedingJoinPoint.proceed(MethodInvocationProceedingJoinPoint.java:85)
	at br.uff.ic.tpa.smartpet.aspect.LoggerAspect.exceptionAround(LoggerAspect.java:25)
	at sun.reflect.NativeMethodAccessorImpl.invoke0(Native Method)
	at sun.reflect.NativeMethodAccessorImpl.invoke(NativeMethodAccessorImpl.java:62)
	at sun.reflect.DelegatingMethodAccessorImpl.invoke(DelegatingMethodAccessorImpl.java:43)
	at java.lang.reflect.Method.invoke(Method.java:497)
	at org.springframework.aop.aspectj.AbstractAspectJAdvice.invokeAdviceMethodWithGivenArgs(AbstractAspectJAdvice.java:621)
	at org.springframework.aop.aspectj.AbstractAspectJAdvice.invokeAdviceMethod(AbstractAspectJAdvice.java:610)
	at org.springframework.aop.aspectj.AspectJAroundAdvice.invoke(AspectJAroundAdvice.java:68)
	at org.springframework.aop.framework.ReflectiveMethodInvocation.proceed(ReflectiveMethodInvocation.java:179)
	at org.springframework.aop.interceptor.ExposeInvocationInterceptor.invoke(ExposeInvocationInterceptor.java:92)
	at org.springframework.aop.framework.ReflectiveMethodInvocation.proceed(ReflectiveMethodInvocation.java:179)
	at org.springframework.aop.framework.CglibAopProxy$DynamicAdvisedInterceptor.intercept(CglibAopProxy.java:653)
	at br.uff.ic.tpa.smartpet.service.DonoAppService$$EnhancerBySpringCGLIB$$3e8405b0.recuperaListaDeDonosPorNome(<generated>)
	at br.uff.ic.tpa.smartpet.Main.main(Main.java:58)
Caused by: java.lang.IllegalArgumentException: Parameter with that position [1] did not exist
	at org.hibernate.jpa.spi.BaseQueryImpl.findParameterRegistration(BaseQueryImpl.java:529)
	at org.hibernate.jpa.spi.BaseQueryImpl.setParameter(BaseQueryImpl.java:685)
	at org.hibernate.jpa.spi.AbstractQueryImpl.setParameter(AbstractQueryImpl.java:198)
	at org.hibernate.jpa.spi.AbstractQueryImpl.setParameter(AbstractQueryImpl.java:49)
	at sun.reflect.NativeMethodAccessorImpl.invoke0(Native Method)
	at sun.reflect.NativeMethodAccessorImpl.invoke(NativeMethodAccessorImpl.java:62)
	at sun.reflect.DelegatingMethodAccessorImpl.invoke(DelegatingMethodAccessorImpl.java:43)
	at java.lang.reflect.Method.invoke(Method.java:497)
	at org.springframework.orm.jpa.SharedEntityManagerCreator$DeferredQueryInvocationHandler.invoke(SharedEntityManagerCreator.java:360)
	at com.sun.proxy.$Proxy39.setParameter(Unknown Source)
	at br.uff.ic.tpa.smartpet.dao.impl.JPADaoGenerico.buscaLista(JPADaoGenerico.java:160)
	... 29 more
2016-03-31 00:27:22 br.uff.ic.tpa.smartpet.aspect.LoggerAspect exceptionAround ERROR: java.lang.IllegalArgumentException: Parameter with that position [1] did not exist
br.uff.ic.tpa.smartpet.excecao.InfraestruturaException: java.lang.IllegalArgumentException: Parameter with that position [1] did not exist
	at br.uff.ic.tpa.smartpet.dao.impl.JPADaoGenerico.buscaLista(JPADaoGenerico.java:165)
	at br.uff.ic.tpa.smartpet.dao.controle.InterceptadorDeDAO.intercept(InterceptadorDeDAO.java:58)
	at br.uff.ic.tpa.smartpet.dao.impl.DonoDAOImpl$$EnhancerByCGLIB$$41d4f790.recuperaListaDeDonosPorNome(<generated>)
	at sun.reflect.NativeMethodAccessorImpl.invoke0(Native Method)
	at sun.reflect.NativeMethodAccessorImpl.invoke(NativeMethodAccessorImpl.java:62)
	at sun.reflect.DelegatingMethodAccessorImpl.invoke(DelegatingMethodAccessorImpl.java:43)
	at java.lang.reflect.Method.invoke(Method.java:497)
	at org.springframework.aop.support.AopUtils.invokeJoinpointUsingReflection(AopUtils.java:317)
	at org.springframework.aop.framework.JdkDynamicAopProxy.invoke(JdkDynamicAopProxy.java:201)
	at com.sun.proxy.$Proxy33.recuperaListaDeDonosPorNome(Unknown Source)
	at br.uff.ic.tpa.smartpet.service.DonoAppService.recuperaListaDeDonosPorNome(DonoAppService.java:78)
	at br.uff.ic.tpa.smartpet.service.DonoAppService$$FastClassBySpringCGLIB$$22aed5cb.invoke(<generated>)
	at org.springframework.cglib.proxy.MethodProxy.invoke(MethodProxy.java:204)
	at org.springframework.aop.framework.CglibAopProxy$CglibMethodInvocation.invokeJoinpoint(CglibAopProxy.java:717)
	at org.springframework.aop.framework.ReflectiveMethodInvocation.proceed(ReflectiveMethodInvocation.java:157)
	at org.springframework.aop.aspectj.MethodInvocationProceedingJoinPoint.proceed(MethodInvocationProceedingJoinPoint.java:85)
	at br.uff.ic.tpa.smartpet.aspect.LoggerAspect.exceptionAround(LoggerAspect.java:25)
	at sun.reflect.NativeMethodAccessorImpl.invoke0(Native Method)
	at sun.reflect.NativeMethodAccessorImpl.invoke(NativeMethodAccessorImpl.java:62)
	at sun.reflect.DelegatingMethodAccessorImpl.invoke(DelegatingMethodAccessorImpl.java:43)
	at java.lang.reflect.Method.invoke(Method.java:497)
	at org.springframework.aop.aspectj.AbstractAspectJAdvice.invokeAdviceMethodWithGivenArgs(AbstractAspectJAdvice.java:621)
	at org.springframework.aop.aspectj.AbstractAspectJAdvice.invokeAdviceMethod(AbstractAspectJAdvice.java:610)
	at org.springframework.aop.aspectj.AspectJAroundAdvice.invoke(AspectJAroundAdvice.java:68)
	at org.springframework.aop.framework.ReflectiveMethodInvocation.proceed(ReflectiveMethodInvocation.java:179)
	at org.springframework.aop.interceptor.ExposeInvocationInterceptor.invoke(ExposeInvocationInterceptor.java:92)
	at org.springframework.aop.framework.ReflectiveMethodInvocation.proceed(ReflectiveMethodInvocation.java:179)
	at org.springframework.aop.framework.CglibAopProxy$DynamicAdvisedInterceptor.intercept(CglibAopProxy.java:653)
	at br.uff.ic.tpa.smartpet.service.DonoAppService$$EnhancerBySpringCGLIB$$3e8405b0.recuperaListaDeDonosPorNome(<generated>)
	at br.uff.ic.tpa.smartpet.Main.main(Main.java:58)
Caused by: java.lang.IllegalArgumentException: Parameter with that position [1] did not exist
	at org.hibernate.jpa.spi.BaseQueryImpl.findParameterRegistration(BaseQueryImpl.java:529)
	at org.hibernate.jpa.spi.BaseQueryImpl.setParameter(BaseQueryImpl.java:685)
	at org.hibernate.jpa.spi.AbstractQueryImpl.setParameter(AbstractQueryImpl.java:198)
	at org.hibernate.jpa.spi.AbstractQueryImpl.setParameter(AbstractQueryImpl.java:49)
	at sun.reflect.NativeMethodAccessorImpl.invoke0(Native Method)
	at sun.reflect.NativeMethodAccessorImpl.invoke(NativeMethodAccessorImpl.java:62)
	at sun.reflect.DelegatingMethodAccessorImpl.invoke(DelegatingMethodAccessorImpl.java:43)
	at java.lang.reflect.Method.invoke(Method.java:497)
	at org.springframework.orm.jpa.SharedEntityManagerCreator$DeferredQueryInvocationHandler.invoke(SharedEntityManagerCreator.java:360)
	at com.sun.proxy.$Proxy39.setParameter(Unknown Source)
	at br.uff.ic.tpa.smartpet.dao.impl.JPADaoGenerico.buscaLista(JPADaoGenerico.java:160)
	... 29 more
2016-03-31 00:27:22 br.uff.ic.tpa.smartpet.aspect.LoggerAspect exceptionAround ERROR: java.lang.IllegalArgumentException: Parameter with that position [1] did not exist
br.uff.ic.tpa.smartpet.excecao.InfraestruturaException: java.lang.IllegalArgumentException: Parameter with that position [1] did not exist
	at br.uff.ic.tpa.smartpet.dao.impl.JPADaoGenerico.buscaLista(JPADaoGenerico.java:165)
	at br.uff.ic.tpa.smartpet.dao.controle.InterceptadorDeDAO.intercept(InterceptadorDeDAO.java:58)
	at br.uff.ic.tpa.smartpet.dao.impl.DonoDAOImpl$$EnhancerByCGLIB$$41d4f790.recuperaListaDeDonosPorNome(<generated>)
	at sun.reflect.NativeMethodAccessorImpl.invoke0(Native Method)
	at sun.reflect.NativeMethodAccessorImpl.invoke(NativeMethodAccessorImpl.java:62)
	at sun.reflect.DelegatingMethodAccessorImpl.invoke(DelegatingMethodAccessorImpl.java:43)
	at java.lang.reflect.Method.invoke(Method.java:497)
	at org.springframework.aop.support.AopUtils.invokeJoinpointUsingReflection(AopUtils.java:317)
	at org.springframework.aop.framework.JdkDynamicAopProxy.invoke(JdkDynamicAopProxy.java:201)
	at com.sun.proxy.$Proxy33.recuperaListaDeDonosPorNome(Unknown Source)
	at br.uff.ic.tpa.smartpet.service.DonoAppService.recuperaListaDeDonosPorNome(DonoAppService.java:78)
	at br.uff.ic.tpa.smartpet.service.DonoAppService$$FastClassBySpringCGLIB$$22aed5cb.invoke(<generated>)
	at org.springframework.cglib.proxy.MethodProxy.invoke(MethodProxy.java:204)
	at org.springframework.aop.framework.CglibAopProxy$CglibMethodInvocation.invokeJoinpoint(CglibAopProxy.java:717)
	at org.springframework.aop.framework.ReflectiveMethodInvocation.proceed(ReflectiveMethodInvocation.java:157)
	at org.springframework.aop.aspectj.MethodInvocationProceedingJoinPoint.proceed(MethodInvocationProceedingJoinPoint.java:85)
	at br.uff.ic.tpa.smartpet.aspect.LoggerAspect.exceptionAround(LoggerAspect.java:25)
	at sun.reflect.NativeMethodAccessorImpl.invoke0(Native Method)
	at sun.reflect.NativeMethodAccessorImpl.invoke(NativeMethodAccessorImpl.java:62)
	at sun.reflect.DelegatingMethodAccessorImpl.invoke(DelegatingMethodAccessorImpl.java:43)
	at java.lang.reflect.Method.invoke(Method.java:497)
	at org.springframework.aop.aspectj.AbstractAspectJAdvice.invokeAdviceMethodWithGivenArgs(AbstractAspectJAdvice.java:621)
	at org.springframework.aop.aspectj.AbstractAspectJAdvice.invokeAdviceMethod(AbstractAspectJAdvice.java:610)
	at org.springframework.aop.aspectj.AspectJAroundAdvice.invoke(AspectJAroundAdvice.java:68)
	at org.springframework.aop.framework.ReflectiveMethodInvocation.proceed(ReflectiveMethodInvocation.java:179)
	at org.springframework.aop.interceptor.ExposeInvocationInterceptor.invoke(ExposeInvocationInterceptor.java:92)
	at org.springframework.aop.framework.ReflectiveMethodInvocation.proceed(ReflectiveMethodInvocation.java:179)
	at org.springframework.aop.framework.CglibAopProxy$DynamicAdvisedInterceptor.intercept(CglibAopProxy.java:653)
	at br.uff.ic.tpa.smartpet.service.DonoAppService$$EnhancerBySpringCGLIB$$3e8405b0.recuperaListaDeDonosPorNome(<generated>)
	at br.uff.ic.tpa.smartpet.Main.main(Main.java:58)
Caused by: java.lang.IllegalArgumentException: Parameter with that position [1] did not exist
	at org.hibernate.jpa.spi.BaseQueryImpl.findParameterRegistration(BaseQueryImpl.java:529)
	at org.hibernate.jpa.spi.BaseQueryImpl.setParameter(BaseQueryImpl.java:685)
	at org.hibernate.jpa.spi.AbstractQueryImpl.setParameter(AbstractQueryImpl.java:198)
	at org.hibernate.jpa.spi.AbstractQueryImpl.setParameter(AbstractQueryImpl.java:49)
	at sun.reflect.NativeMethodAccessorImpl.invoke0(Native Method)
	at sun.reflect.NativeMethodAccessorImpl.invoke(NativeMethodAccessorImpl.java:62)
	at sun.reflect.DelegatingMethodAccessorImpl.invoke(DelegatingMethodAccessorImpl.java:43)
	at java.lang.reflect.Method.invoke(Method.java:497)
	at org.springframework.orm.jpa.SharedEntityManagerCreator$DeferredQueryInvocationHandler.invoke(SharedEntityManagerCreator.java:360)
	at com.sun.proxy.$Proxy39.setParameter(Unknown Source)
	at br.uff.ic.tpa.smartpet.dao.impl.JPADaoGenerico.buscaLista(JPADaoGenerico.java:160)
	... 29 more
2016-03-31 00:28:55 br.uff.ic.tpa.smartpet.aspect.LoggerAspect exceptionAround ERROR: java.lang.IllegalArgumentException: Parameter with that position [1] did not exist
br.uff.ic.tpa.smartpet.excecao.InfraestruturaException: java.lang.IllegalArgumentException: Parameter with that position [1] did not exist
	at br.uff.ic.tpa.smartpet.dao.impl.JPADaoGenerico.buscaLista(JPADaoGenerico.java:165)
	at br.uff.ic.tpa.smartpet.dao.controle.InterceptadorDeDAO.intercept(InterceptadorDeDAO.java:58)
	at br.uff.ic.tpa.smartpet.dao.impl.DonoDAOImpl$$EnhancerByCGLIB$$41d4f790.recuperaListaDeDonosPorNome(<generated>)
	at sun.reflect.NativeMethodAccessorImpl.invoke0(Native Method)
	at sun.reflect.NativeMethodAccessorImpl.invoke(NativeMethodAccessorImpl.java:62)
	at sun.reflect.DelegatingMethodAccessorImpl.invoke(DelegatingMethodAccessorImpl.java:43)
	at java.lang.reflect.Method.invoke(Method.java:497)
	at org.springframework.aop.support.AopUtils.invokeJoinpointUsingReflection(AopUtils.java:317)
	at org.springframework.aop.framework.JdkDynamicAopProxy.invoke(JdkDynamicAopProxy.java:201)
	at com.sun.proxy.$Proxy33.recuperaListaDeDonosPorNome(Unknown Source)
	at br.uff.ic.tpa.smartpet.service.DonoAppService.recuperaListaDeDonosPorNome(DonoAppService.java:78)
	at br.uff.ic.tpa.smartpet.service.DonoAppService$$FastClassBySpringCGLIB$$22aed5cb.invoke(<generated>)
	at org.springframework.cglib.proxy.MethodProxy.invoke(MethodProxy.java:204)
	at org.springframework.aop.framework.CglibAopProxy$CglibMethodInvocation.invokeJoinpoint(CglibAopProxy.java:717)
	at org.springframework.aop.framework.ReflectiveMethodInvocation.proceed(ReflectiveMethodInvocation.java:157)
	at org.springframework.aop.aspectj.MethodInvocationProceedingJoinPoint.proceed(MethodInvocationProceedingJoinPoint.java:85)
	at br.uff.ic.tpa.smartpet.aspect.LoggerAspect.exceptionAround(LoggerAspect.java:25)
	at sun.reflect.NativeMethodAccessorImpl.invoke0(Native Method)
	at sun.reflect.NativeMethodAccessorImpl.invoke(NativeMethodAccessorImpl.java:62)
	at sun.reflect.DelegatingMethodAccessorImpl.invoke(DelegatingMethodAccessorImpl.java:43)
	at java.lang.reflect.Method.invoke(Method.java:497)
	at org.springframework.aop.aspectj.AbstractAspectJAdvice.invokeAdviceMethodWithGivenArgs(AbstractAspectJAdvice.java:621)
	at org.springframework.aop.aspectj.AbstractAspectJAdvice.invokeAdviceMethod(AbstractAspectJAdvice.java:610)
	at org.springframework.aop.aspectj.AspectJAroundAdvice.invoke(AspectJAroundAdvice.java:68)
	at org.springframework.aop.framework.ReflectiveMethodInvocation.proceed(ReflectiveMethodInvocation.java:179)
	at org.springframework.aop.interceptor.ExposeInvocationInterceptor.invoke(ExposeInvocationInterceptor.java:92)
	at org.springframework.aop.framework.ReflectiveMethodInvocation.proceed(ReflectiveMethodInvocation.java:179)
	at org.springframework.aop.framework.CglibAopProxy$DynamicAdvisedInterceptor.intercept(CglibAopProxy.java:653)
	at br.uff.ic.tpa.smartpet.service.DonoAppService$$EnhancerBySpringCGLIB$$3e8405b0.recuperaListaDeDonosPorNome(<generated>)
	at br.uff.ic.tpa.smartpet.Main.main(Main.java:58)
Caused by: java.lang.IllegalArgumentException: Parameter with that position [1] did not exist
	at org.hibernate.jpa.spi.BaseQueryImpl.findParameterRegistration(BaseQueryImpl.java:529)
	at org.hibernate.jpa.spi.BaseQueryImpl.setParameter(BaseQueryImpl.java:685)
	at org.hibernate.jpa.spi.AbstractQueryImpl.setParameter(AbstractQueryImpl.java:198)
	at org.hibernate.jpa.spi.AbstractQueryImpl.setParameter(AbstractQueryImpl.java:49)
	at sun.reflect.NativeMethodAccessorImpl.invoke0(Native Method)
	at sun.reflect.NativeMethodAccessorImpl.invoke(NativeMethodAccessorImpl.java:62)
	at sun.reflect.DelegatingMethodAccessorImpl.invoke(DelegatingMethodAccessorImpl.java:43)
	at java.lang.reflect.Method.invoke(Method.java:497)
	at org.springframework.orm.jpa.SharedEntityManagerCreator$DeferredQueryInvocationHandler.invoke(SharedEntityManagerCreator.java:360)
	at com.sun.proxy.$Proxy39.setParameter(Unknown Source)
	at br.uff.ic.tpa.smartpet.dao.impl.JPADaoGenerico.buscaLista(JPADaoGenerico.java:160)
	... 29 more
2016-03-31 00:33:10 br.uff.ic.tpa.smartpet.aspect.LoggerAspect exceptionAround ERROR: java.lang.IllegalArgumentException: Parameter with that position [1] did not exist
br.uff.ic.tpa.smartpet.excecao.InfraestruturaException: java.lang.IllegalArgumentException: Parameter with that position [1] did not exist
	at br.uff.ic.tpa.smartpet.dao.impl.JPADaoGenerico.buscaLista(JPADaoGenerico.java:169)
	at br.uff.ic.tpa.smartpet.dao.controle.InterceptadorDeDAO.intercept(InterceptadorDeDAO.java:58)
	at br.uff.ic.tpa.smartpet.dao.impl.DonoDAOImpl$$EnhancerByCGLIB$$41d4f790.recuperaListaDeDonosPorNome(<generated>)
	at sun.reflect.NativeMethodAccessorImpl.invoke0(Native Method)
	at sun.reflect.NativeMethodAccessorImpl.invoke(NativeMethodAccessorImpl.java:62)
	at sun.reflect.DelegatingMethodAccessorImpl.invoke(DelegatingMethodAccessorImpl.java:43)
	at java.lang.reflect.Method.invoke(Method.java:497)
	at org.springframework.aop.support.AopUtils.invokeJoinpointUsingReflection(AopUtils.java:317)
	at org.springframework.aop.framework.JdkDynamicAopProxy.invoke(JdkDynamicAopProxy.java:201)
	at com.sun.proxy.$Proxy33.recuperaListaDeDonosPorNome(Unknown Source)
	at br.uff.ic.tpa.smartpet.service.DonoAppService.recuperaListaDeDonosPorNome(DonoAppService.java:78)
	at br.uff.ic.tpa.smartpet.service.DonoAppService$$FastClassBySpringCGLIB$$22aed5cb.invoke(<generated>)
	at org.springframework.cglib.proxy.MethodProxy.invoke(MethodProxy.java:204)
	at org.springframework.aop.framework.CglibAopProxy$CglibMethodInvocation.invokeJoinpoint(CglibAopProxy.java:717)
	at org.springframework.aop.framework.ReflectiveMethodInvocation.proceed(ReflectiveMethodInvocation.java:157)
	at org.springframework.aop.aspectj.MethodInvocationProceedingJoinPoint.proceed(MethodInvocationProceedingJoinPoint.java:85)
	at br.uff.ic.tpa.smartpet.aspect.LoggerAspect.exceptionAround(LoggerAspect.java:25)
	at sun.reflect.NativeMethodAccessorImpl.invoke0(Native Method)
	at sun.reflect.NativeMethodAccessorImpl.invoke(NativeMethodAccessorImpl.java:62)
	at sun.reflect.DelegatingMethodAccessorImpl.invoke(DelegatingMethodAccessorImpl.java:43)
	at java.lang.reflect.Method.invoke(Method.java:497)
	at org.springframework.aop.aspectj.AbstractAspectJAdvice.invokeAdviceMethodWithGivenArgs(AbstractAspectJAdvice.java:621)
	at org.springframework.aop.aspectj.AbstractAspectJAdvice.invokeAdviceMethod(AbstractAspectJAdvice.java:610)
	at org.springframework.aop.aspectj.AspectJAroundAdvice.invoke(AspectJAroundAdvice.java:68)
	at org.springframework.aop.framework.ReflectiveMethodInvocation.proceed(ReflectiveMethodInvocation.java:179)
	at org.springframework.aop.interceptor.ExposeInvocationInterceptor.invoke(ExposeInvocationInterceptor.java:92)
	at org.springframework.aop.framework.ReflectiveMethodInvocation.proceed(ReflectiveMethodInvocation.java:179)
	at org.springframework.aop.framework.CglibAopProxy$DynamicAdvisedInterceptor.intercept(CglibAopProxy.java:653)
	at br.uff.ic.tpa.smartpet.service.DonoAppService$$EnhancerBySpringCGLIB$$3e8405b0.recuperaListaDeDonosPorNome(<generated>)
	at br.uff.ic.tpa.smartpet.Main.main(Main.java:58)
Caused by: java.lang.IllegalArgumentException: Parameter with that position [1] did not exist
	at org.hibernate.jpa.spi.BaseQueryImpl.findParameterRegistration(BaseQueryImpl.java:529)
	at org.hibernate.jpa.spi.BaseQueryImpl.setParameter(BaseQueryImpl.java:685)
	at org.hibernate.jpa.spi.AbstractQueryImpl.setParameter(AbstractQueryImpl.java:198)
	at org.hibernate.jpa.spi.AbstractQueryImpl.setParameter(AbstractQueryImpl.java:49)
	at sun.reflect.NativeMethodAccessorImpl.invoke0(Native Method)
	at sun.reflect.NativeMethodAccessorImpl.invoke(NativeMethodAccessorImpl.java:62)
	at sun.reflect.DelegatingMethodAccessorImpl.invoke(DelegatingMethodAccessorImpl.java:43)
	at java.lang.reflect.Method.invoke(Method.java:497)
	at org.springframework.orm.jpa.SharedEntityManagerCreator$DeferredQueryInvocationHandler.invoke(SharedEntityManagerCreator.java:360)
	at com.sun.proxy.$Proxy39.setParameter(Unknown Source)
	at br.uff.ic.tpa.smartpet.dao.impl.JPADaoGenerico.buscaLista(JPADaoGenerico.java:164)
	... 29 more
2016-03-31 00:40:12 br.uff.ic.tpa.smartpet.aspect.LoggerAspect exceptionAround ERROR: java.lang.IllegalArgumentException: Parameter with that position [0] did not exist
br.uff.ic.tpa.smartpet.excecao.InfraestruturaException: java.lang.IllegalArgumentException: Parameter with that position [0] did not exist
	at br.uff.ic.tpa.smartpet.dao.impl.JPADaoGenerico.buscaLista(JPADaoGenerico.java:171)
	at br.uff.ic.tpa.smartpet.dao.controle.InterceptadorDeDAO.intercept(InterceptadorDeDAO.java:58)
	at br.uff.ic.tpa.smartpet.dao.impl.DonoDAOImpl$$EnhancerByCGLIB$$41d4f790.recuperaListaDeDonosPorNome(<generated>)
	at sun.reflect.NativeMethodAccessorImpl.invoke0(Native Method)
	at sun.reflect.NativeMethodAccessorImpl.invoke(NativeMethodAccessorImpl.java:62)
	at sun.reflect.DelegatingMethodAccessorImpl.invoke(DelegatingMethodAccessorImpl.java:43)
	at java.lang.reflect.Method.invoke(Method.java:497)
	at org.springframework.aop.support.AopUtils.invokeJoinpointUsingReflection(AopUtils.java:317)
	at org.springframework.aop.framework.JdkDynamicAopProxy.invoke(JdkDynamicAopProxy.java:201)
	at com.sun.proxy.$Proxy33.recuperaListaDeDonosPorNome(Unknown Source)
	at br.uff.ic.tpa.smartpet.service.DonoAppService.recuperaListaDeDonosPorNome(DonoAppService.java:78)
	at br.uff.ic.tpa.smartpet.service.DonoAppService$$FastClassBySpringCGLIB$$22aed5cb.invoke(<generated>)
	at org.springframework.cglib.proxy.MethodProxy.invoke(MethodProxy.java:204)
	at org.springframework.aop.framework.CglibAopProxy$CglibMethodInvocation.invokeJoinpoint(CglibAopProxy.java:717)
	at org.springframework.aop.framework.ReflectiveMethodInvocation.proceed(ReflectiveMethodInvocation.java:157)
	at org.springframework.aop.aspectj.MethodInvocationProceedingJoinPoint.proceed(MethodInvocationProceedingJoinPoint.java:85)
	at br.uff.ic.tpa.smartpet.aspect.LoggerAspect.exceptionAround(LoggerAspect.java:25)
	at sun.reflect.NativeMethodAccessorImpl.invoke0(Native Method)
	at sun.reflect.NativeMethodAccessorImpl.invoke(NativeMethodAccessorImpl.java:62)
	at sun.reflect.DelegatingMethodAccessorImpl.invoke(DelegatingMethodAccessorImpl.java:43)
	at java.lang.reflect.Method.invoke(Method.java:497)
	at org.springframework.aop.aspectj.AbstractAspectJAdvice.invokeAdviceMethodWithGivenArgs(AbstractAspectJAdvice.java:621)
	at org.springframework.aop.aspectj.AbstractAspectJAdvice.invokeAdviceMethod(AbstractAspectJAdvice.java:610)
	at org.springframework.aop.aspectj.AspectJAroundAdvice.invoke(AspectJAroundAdvice.java:68)
	at org.springframework.aop.framework.ReflectiveMethodInvocation.proceed(ReflectiveMethodInvocation.java:179)
	at org.springframework.aop.interceptor.ExposeInvocationInterceptor.invoke(ExposeInvocationInterceptor.java:92)
	at org.springframework.aop.framework.ReflectiveMethodInvocation.proceed(ReflectiveMethodInvocation.java:179)
	at org.springframework.aop.framework.CglibAopProxy$DynamicAdvisedInterceptor.intercept(CglibAopProxy.java:653)
	at br.uff.ic.tpa.smartpet.service.DonoAppService$$EnhancerBySpringCGLIB$$3e8405b0.recuperaListaDeDonosPorNome(<generated>)
	at br.uff.ic.tpa.smartpet.Main.main(Main.java:58)
Caused by: java.lang.IllegalArgumentException: Parameter with that position [0] did not exist
	at org.hibernate.jpa.spi.BaseQueryImpl.findParameterRegistration(BaseQueryImpl.java:529)
	at org.hibernate.jpa.spi.BaseQueryImpl.getParameter(BaseQueryImpl.java:780)
	at sun.reflect.NativeMethodAccessorImpl.invoke0(Native Method)
	at sun.reflect.NativeMethodAccessorImpl.invoke(NativeMethodAccessorImpl.java:62)
	at sun.reflect.DelegatingMethodAccessorImpl.invoke(DelegatingMethodAccessorImpl.java:43)
	at java.lang.reflect.Method.invoke(Method.java:497)
	at org.springframework.orm.jpa.SharedEntityManagerCreator$DeferredQueryInvocationHandler.invoke(SharedEntityManagerCreator.java:360)
	at com.sun.proxy.$Proxy39.getParameter(Unknown Source)
	at br.uff.ic.tpa.smartpet.dao.impl.JPADaoGenerico.buscaLista(JPADaoGenerico.java:166)
	... 29 more
2016-03-31 00:42:39 br.uff.ic.tpa.smartpet.aspect.LoggerAspect exceptionAround ERROR: java.lang.IllegalArgumentException: Parameter with that position [1] did not exist
br.uff.ic.tpa.smartpet.excecao.InfraestruturaException: java.lang.IllegalArgumentException: Parameter with that position [1] did not exist
	at br.uff.ic.tpa.smartpet.dao.impl.JPADaoGenerico.buscaLista(JPADaoGenerico.java:175)
	at br.uff.ic.tpa.smartpet.dao.controle.InterceptadorDeDAO.intercept(InterceptadorDeDAO.java:58)
	at br.uff.ic.tpa.smartpet.dao.impl.DonoDAOImpl$$EnhancerByCGLIB$$41d4f790.recuperaListaDeDonosPorNome(<generated>)
	at sun.reflect.NativeMethodAccessorImpl.invoke0(Native Method)
	at sun.reflect.NativeMethodAccessorImpl.invoke(NativeMethodAccessorImpl.java:62)
	at sun.reflect.DelegatingMethodAccessorImpl.invoke(DelegatingMethodAccessorImpl.java:43)
	at java.lang.reflect.Method.invoke(Method.java:497)
	at org.springframework.aop.support.AopUtils.invokeJoinpointUsingReflection(AopUtils.java:317)
	at org.springframework.aop.framework.JdkDynamicAopProxy.invoke(JdkDynamicAopProxy.java:201)
	at com.sun.proxy.$Proxy33.recuperaListaDeDonosPorNome(Unknown Source)
	at br.uff.ic.tpa.smartpet.service.DonoAppService.recuperaListaDeDonosPorNome(DonoAppService.java:78)
	at br.uff.ic.tpa.smartpet.service.DonoAppService$$FastClassBySpringCGLIB$$22aed5cb.invoke(<generated>)
	at org.springframework.cglib.proxy.MethodProxy.invoke(MethodProxy.java:204)
	at org.springframework.aop.framework.CglibAopProxy$CglibMethodInvocation.invokeJoinpoint(CglibAopProxy.java:717)
	at org.springframework.aop.framework.ReflectiveMethodInvocation.proceed(ReflectiveMethodInvocation.java:157)
	at org.springframework.aop.aspectj.MethodInvocationProceedingJoinPoint.proceed(MethodInvocationProceedingJoinPoint.java:85)
	at br.uff.ic.tpa.smartpet.aspect.LoggerAspect.exceptionAround(LoggerAspect.java:25)
	at sun.reflect.NativeMethodAccessorImpl.invoke0(Native Method)
	at sun.reflect.NativeMethodAccessorImpl.invoke(NativeMethodAccessorImpl.java:62)
	at sun.reflect.DelegatingMethodAccessorImpl.invoke(DelegatingMethodAccessorImpl.java:43)
	at java.lang.reflect.Method.invoke(Method.java:497)
	at org.springframework.aop.aspectj.AbstractAspectJAdvice.invokeAdviceMethodWithGivenArgs(AbstractAspectJAdvice.java:621)
	at org.springframework.aop.aspectj.AbstractAspectJAdvice.invokeAdviceMethod(AbstractAspectJAdvice.java:610)
	at org.springframework.aop.aspectj.AspectJAroundAdvice.invoke(AspectJAroundAdvice.java:68)
	at org.springframework.aop.framework.ReflectiveMethodInvocation.proceed(ReflectiveMethodInvocation.java:179)
	at org.springframework.aop.interceptor.ExposeInvocationInterceptor.invoke(ExposeInvocationInterceptor.java:92)
	at org.springframework.aop.framework.ReflectiveMethodInvocation.proceed(ReflectiveMethodInvocation.java:179)
	at org.springframework.aop.framework.CglibAopProxy$DynamicAdvisedInterceptor.intercept(CglibAopProxy.java:653)
	at br.uff.ic.tpa.smartpet.service.DonoAppService$$EnhancerBySpringCGLIB$$3e8405b0.recuperaListaDeDonosPorNome(<generated>)
	at br.uff.ic.tpa.smartpet.Main.main(Main.java:58)
Caused by: java.lang.IllegalArgumentException: Parameter with that position [1] did not exist
	at org.hibernate.jpa.spi.BaseQueryImpl.findParameterRegistration(BaseQueryImpl.java:529)
	at org.hibernate.jpa.spi.BaseQueryImpl.getParameter(BaseQueryImpl.java:780)
	at sun.reflect.NativeMethodAccessorImpl.invoke0(Native Method)
	at sun.reflect.NativeMethodAccessorImpl.invoke(NativeMethodAccessorImpl.java:62)
	at sun.reflect.DelegatingMethodAccessorImpl.invoke(DelegatingMethodAccessorImpl.java:43)
	at java.lang.reflect.Method.invoke(Method.java:497)
	at org.springframework.orm.jpa.SharedEntityManagerCreator$DeferredQueryInvocationHandler.invoke(SharedEntityManagerCreator.java:360)
	at com.sun.proxy.$Proxy39.getParameter(Unknown Source)
	at br.uff.ic.tpa.smartpet.dao.impl.JPADaoGenerico.buscaLista(JPADaoGenerico.java:170)
	... 29 more
2016-03-31 00:43:04 br.uff.ic.tpa.smartpet.aspect.LoggerAspect exceptionAround ERROR: java.lang.IllegalArgumentException: Parameter with that position [1] did not exist
br.uff.ic.tpa.smartpet.excecao.InfraestruturaException: java.lang.IllegalArgumentException: Parameter with that position [1] did not exist
	at br.uff.ic.tpa.smartpet.dao.impl.JPADaoGenerico.buscaLista(JPADaoGenerico.java:175)
	at br.uff.ic.tpa.smartpet.dao.controle.InterceptadorDeDAO.intercept(InterceptadorDeDAO.java:58)
	at br.uff.ic.tpa.smartpet.dao.impl.DonoDAOImpl$$EnhancerByCGLIB$$41d4f790.recuperaListaDeDonosPorNome(<generated>)
	at sun.reflect.NativeMethodAccessorImpl.invoke0(Native Method)
	at sun.reflect.NativeMethodAccessorImpl.invoke(NativeMethodAccessorImpl.java:62)
	at sun.reflect.DelegatingMethodAccessorImpl.invoke(DelegatingMethodAccessorImpl.java:43)
	at java.lang.reflect.Method.invoke(Method.java:497)
	at org.springframework.aop.support.AopUtils.invokeJoinpointUsingReflection(AopUtils.java:317)
	at org.springframework.aop.framework.JdkDynamicAopProxy.invoke(JdkDynamicAopProxy.java:201)
	at com.sun.proxy.$Proxy33.recuperaListaDeDonosPorNome(Unknown Source)
	at br.uff.ic.tpa.smartpet.service.DonoAppService.recuperaListaDeDonosPorNome(DonoAppService.java:78)
	at br.uff.ic.tpa.smartpet.service.DonoAppService$$FastClassBySpringCGLIB$$22aed5cb.invoke(<generated>)
	at org.springframework.cglib.proxy.MethodProxy.invoke(MethodProxy.java:204)
	at org.springframework.aop.framework.CglibAopProxy$CglibMethodInvocation.invokeJoinpoint(CglibAopProxy.java:717)
	at org.springframework.aop.framework.ReflectiveMethodInvocation.proceed(ReflectiveMethodInvocation.java:157)
	at org.springframework.aop.aspectj.MethodInvocationProceedingJoinPoint.proceed(MethodInvocationProceedingJoinPoint.java:85)
	at br.uff.ic.tpa.smartpet.aspect.LoggerAspect.exceptionAround(LoggerAspect.java:25)
	at sun.reflect.NativeMethodAccessorImpl.invoke0(Native Method)
	at sun.reflect.NativeMethodAccessorImpl.invoke(NativeMethodAccessorImpl.java:62)
	at sun.reflect.DelegatingMethodAccessorImpl.invoke(DelegatingMethodAccessorImpl.java:43)
	at java.lang.reflect.Method.invoke(Method.java:497)
	at org.springframework.aop.aspectj.AbstractAspectJAdvice.invokeAdviceMethodWithGivenArgs(AbstractAspectJAdvice.java:621)
	at org.springframework.aop.aspectj.AbstractAspectJAdvice.invokeAdviceMethod(AbstractAspectJAdvice.java:610)
	at org.springframework.aop.aspectj.AspectJAroundAdvice.invoke(AspectJAroundAdvice.java:68)
	at org.springframework.aop.framework.ReflectiveMethodInvocation.proceed(ReflectiveMethodInvocation.java:179)
	at org.springframework.aop.interceptor.ExposeInvocationInterceptor.invoke(ExposeInvocationInterceptor.java:92)
	at org.springframework.aop.framework.ReflectiveMethodInvocation.proceed(ReflectiveMethodInvocation.java:179)
	at org.springframework.aop.framework.CglibAopProxy$DynamicAdvisedInterceptor.intercept(CglibAopProxy.java:653)
	at br.uff.ic.tpa.smartpet.service.DonoAppService$$EnhancerBySpringCGLIB$$3e8405b0.recuperaListaDeDonosPorNome(<generated>)
	at br.uff.ic.tpa.smartpet.Main.main(Main.java:58)
Caused by: java.lang.IllegalArgumentException: Parameter with that position [1] did not exist
	at org.hibernate.jpa.spi.BaseQueryImpl.findParameterRegistration(BaseQueryImpl.java:529)
	at org.hibernate.jpa.spi.BaseQueryImpl.getParameter(BaseQueryImpl.java:780)
	at sun.reflect.NativeMethodAccessorImpl.invoke0(Native Method)
	at sun.reflect.NativeMethodAccessorImpl.invoke(NativeMethodAccessorImpl.java:62)
	at sun.reflect.DelegatingMethodAccessorImpl.invoke(DelegatingMethodAccessorImpl.java:43)
	at java.lang.reflect.Method.invoke(Method.java:497)
	at org.springframework.orm.jpa.SharedEntityManagerCreator$DeferredQueryInvocationHandler.invoke(SharedEntityManagerCreator.java:360)
	at com.sun.proxy.$Proxy39.getParameter(Unknown Source)
	at br.uff.ic.tpa.smartpet.dao.impl.JPADaoGenerico.buscaLista(JPADaoGenerico.java:170)
	... 29 more
2016-03-31 00:45:45 br.uff.ic.tpa.smartpet.aspect.LoggerAspect exceptionAround ERROR: java.lang.NullPointerException
br.uff.ic.tpa.smartpet.excecao.InfraestruturaException: java.lang.NullPointerException
	at br.uff.ic.tpa.smartpet.dao.impl.JPADaoGenerico.buscaLista(JPADaoGenerico.java:175)
	at br.uff.ic.tpa.smartpet.dao.controle.InterceptadorDeDAO.intercept(InterceptadorDeDAO.java:58)
	at br.uff.ic.tpa.smartpet.dao.impl.DonoDAOImpl$$EnhancerByCGLIB$$41d4f790.recuperaListaDeDonosPorNome(<generated>)
	at sun.reflect.NativeMethodAccessorImpl.invoke0(Native Method)
	at sun.reflect.NativeMethodAccessorImpl.invoke(NativeMethodAccessorImpl.java:62)
	at sun.reflect.DelegatingMethodAccessorImpl.invoke(DelegatingMethodAccessorImpl.java:43)
	at java.lang.reflect.Method.invoke(Method.java:497)
	at org.springframework.aop.support.AopUtils.invokeJoinpointUsingReflection(AopUtils.java:317)
	at org.springframework.aop.framework.JdkDynamicAopProxy.invoke(JdkDynamicAopProxy.java:201)
	at com.sun.proxy.$Proxy33.recuperaListaDeDonosPorNome(Unknown Source)
	at br.uff.ic.tpa.smartpet.service.DonoAppService.recuperaListaDeDonosPorNome(DonoAppService.java:78)
	at br.uff.ic.tpa.smartpet.service.DonoAppService$$FastClassBySpringCGLIB$$22aed5cb.invoke(<generated>)
	at org.springframework.cglib.proxy.MethodProxy.invoke(MethodProxy.java:204)
	at org.springframework.aop.framework.CglibAopProxy$CglibMethodInvocation.invokeJoinpoint(CglibAopProxy.java:717)
	at org.springframework.aop.framework.ReflectiveMethodInvocation.proceed(ReflectiveMethodInvocation.java:157)
	at org.springframework.aop.aspectj.MethodInvocationProceedingJoinPoint.proceed(MethodInvocationProceedingJoinPoint.java:85)
	at br.uff.ic.tpa.smartpet.aspect.LoggerAspect.exceptionAround(LoggerAspect.java:25)
	at sun.reflect.NativeMethodAccessorImpl.invoke0(Native Method)
	at sun.reflect.NativeMethodAccessorImpl.invoke(NativeMethodAccessorImpl.java:62)
	at sun.reflect.DelegatingMethodAccessorImpl.invoke(DelegatingMethodAccessorImpl.java:43)
	at java.lang.reflect.Method.invoke(Method.java:497)
	at org.springframework.aop.aspectj.AbstractAspectJAdvice.invokeAdviceMethodWithGivenArgs(AbstractAspectJAdvice.java:621)
	at org.springframework.aop.aspectj.AbstractAspectJAdvice.invokeAdviceMethod(AbstractAspectJAdvice.java:610)
	at org.springframework.aop.aspectj.AspectJAroundAdvice.invoke(AspectJAroundAdvice.java:68)
	at org.springframework.aop.framework.ReflectiveMethodInvocation.proceed(ReflectiveMethodInvocation.java:179)
	at org.springframework.aop.interceptor.ExposeInvocationInterceptor.invoke(ExposeInvocationInterceptor.java:92)
	at org.springframework.aop.framework.ReflectiveMethodInvocation.proceed(ReflectiveMethodInvocation.java:179)
	at org.springframework.aop.framework.CglibAopProxy$DynamicAdvisedInterceptor.intercept(CglibAopProxy.java:653)
	at br.uff.ic.tpa.smartpet.service.DonoAppService$$EnhancerBySpringCGLIB$$ad50ac02.recuperaListaDeDonosPorNome(<generated>)
	at br.uff.ic.tpa.smartpet.Main.main(Main.java:58)
Caused by: java.lang.NullPointerException
	at org.hibernate.jpa.spi.BaseQueryImpl.findParameterRegistration(BaseQueryImpl.java:492)
	at org.hibernate.jpa.spi.BaseQueryImpl.setParameter(BaseQueryImpl.java:631)
	at org.hibernate.jpa.spi.AbstractQueryImpl.setParameter(AbstractQueryImpl.java:180)
	at org.hibernate.jpa.spi.AbstractQueryImpl.setParameter(AbstractQueryImpl.java:49)
	at sun.reflect.NativeMethodAccessorImpl.invoke0(Native Method)
	at sun.reflect.NativeMethodAccessorImpl.invoke(NativeMethodAccessorImpl.java:62)
	at sun.reflect.DelegatingMethodAccessorImpl.invoke(DelegatingMethodAccessorImpl.java:43)
	at java.lang.reflect.Method.invoke(Method.java:497)
	at org.springframework.orm.jpa.SharedEntityManagerCreator$DeferredQueryInvocationHandler.invoke(SharedEntityManagerCreator.java:360)
	at com.sun.proxy.$Proxy39.setParameter(Unknown Source)
	at br.uff.ic.tpa.smartpet.dao.impl.JPADaoGenerico.buscaLista(JPADaoGenerico.java:170)
	... 29 more
